"../../../Engine/Plugins/Animation/ACLPlugin/Content/ACLAnimBoneCompressionSettings.uasset" 0
"../../../Engine/Plugins/Animation/ACLPlugin/Content/ACLAnimBoneCompressionSettings.uexp" 1
"../../../Engine/Plugins/2D/Paper2D/Content/PlaceholderTextures/DummySpriteTexture.ubulk" 2
"../../../Engine/Plugins/2D/Paper2D/Content/PlaceholderTextures/DummySpriteTexture.uasset" 3
"../../../Engine/Plugins/2D/Paper2D/Content/PlaceholderTextures/DummySpriteTexture.uexp" 4
"../../../Engine/Plugins/2D/Paper2D/Content/DummySprite.uasset" 5
"../../../Engine/Plugins/2D/Paper2D/Content/DummySprite.uexp" 6
"../../../Engine/Plugins/2D/Paper2D/Content/DefaultPaperTerrainMaterial.uasset" 7
"../../../Engine/Plugins/2D/Paper2D/Content/DefaultPaperTerrainMaterial.uexp" 8
"../../../Engine/Content/Animation/DefaultRecorderBoneCompression.uasset" 9
"../../../Engine/Content/Animation/DefaultRecorderBoneCompression.uexp" 10
"../../../Engine/Content/EngineSounds/Master.uasset" 11
"../../../Engine/Content/EngineSounds/Master.uexp" 12
"../../../Engine/Content/EngineMaterials/DefaultPhysicalMaterial.uasset" 13
"../../../Engine/Content/EngineMaterials/DefaultPhysicalMaterial.uexp" 14
"../../../Engine/Content/EngineMaterials/DefaultDestructiblePhysicalMaterial.uasset" 15
"../../../Engine/Content/EngineMaterials/DefaultDestructiblePhysicalMaterial.uexp" 16
"../../../Engine/Content/EngineFonts/Faces/DroidSansFallback.uexp" 17
"../../../Engine/Content/EngineFonts/Faces/DroidSansFallback.uasset" 18
"../../../Engine/Content/EngineFonts/Faces/DroidSansFallback.ufont" 19
"../../../Engine/Content/EngineFonts/Faces/RobotoBold.uexp" 20
"../../../Engine/Content/EngineFonts/Faces/RobotoBold.uasset" 21
"../../../Engine/Content/EngineFonts/Faces/RobotoBold.ufont" 22
"../../../Engine/Content/EngineFonts/Faces/RobotoBoldItalic.uexp" 23
"../../../Engine/Content/EngineFonts/Faces/RobotoBoldItalic.uasset" 24
"../../../Engine/Content/EngineFonts/Faces/RobotoBoldItalic.ufont" 25
"../../../Engine/Content/EngineFonts/Faces/RobotoItalic.uexp" 26
"../../../Engine/Content/EngineFonts/Faces/RobotoItalic.uasset" 27
"../../../Engine/Content/EngineFonts/Faces/RobotoItalic.ufont" 28
"../../../Engine/Content/EngineFonts/Faces/RobotoLight.uexp" 29
"../../../Engine/Content/EngineFonts/Faces/RobotoLight.uasset" 30
"../../../Engine/Content/EngineFonts/Faces/RobotoLight.ufont" 31
"../../../Engine/Content/EngineFonts/Faces/RobotoRegular.uexp" 32
"../../../Engine/Content/EngineFonts/Faces/RobotoRegular.uasset" 33
"../../../Engine/Content/EngineFonts/Faces/RobotoRegular.ufont" 34
"../../../Engine/Content/EngineFonts/Roboto.uasset" 35
"../../../Engine/Content/EngineFonts/Roboto.uexp" 36
"../../../Engine/Content/EngineFonts/Faces/DroidSansMono.uexp" 37
"../../../Engine/Content/EngineFonts/Faces/DroidSansMono.uasset" 38
"../../../Engine/Content/EngineFonts/Faces/DroidSansMono.ufont" 39
"../../../Engine/Content/EngineFonts/DroidSansMono.uasset" 40
"../../../Engine/Content/EngineFonts/DroidSansMono.uexp" 41
"../../../Engine/Plugins/Interchange/Runtime/Content/Pipelines/DefaultTexturePipeline.uasset" 42
"../../../Engine/Plugins/Interchange/Runtime/Content/Pipelines/DefaultTexturePipeline.uexp" 43
"../../../Engine/Plugins/Interchange/Runtime/Content/Pipelines/DefaultSceneLevelPipeline.uasset" 44
"../../../Engine/Plugins/Interchange/Runtime/Content/Pipelines/DefaultSceneLevelPipeline.uexp" 45
"../../../Engine/Plugins/Interchange/Runtime/Content/Pipelines/DefaultSceneAssetsPipeline.uasset" 46
"../../../Engine/Plugins/Interchange/Runtime/Content/Pipelines/DefaultSceneAssetsPipeline.uexp" 47
"../../../Engine/Plugins/Interchange/Runtime/Content/Pipelines/DefaultMaterialXPipeline.uasset" 48
"../../../Engine/Plugins/Interchange/Runtime/Content/Pipelines/DefaultMaterialXPipeline.uexp" 49
"../../../Engine/Plugins/Interchange/Runtime/Content/Pipelines/DefaultMaterialPipeline.uasset" 50
"../../../Engine/Plugins/Interchange/Runtime/Content/Pipelines/DefaultMaterialPipeline.uexp" 51
"../../../Engine/Plugins/Interchange/Runtime/Content/Pipelines/DefaultGLTFSceneAssetsPipeline.uasset" 52
"../../../Engine/Plugins/Interchange/Runtime/Content/Pipelines/DefaultGLTFSceneAssetsPipeline.uexp" 53
"../../../Engine/Plugins/Interchange/Runtime/Content/Pipelines/DefaultGLTFPipeline.uasset" 54
"../../../Engine/Plugins/Interchange/Runtime/Content/Pipelines/DefaultGLTFPipeline.uexp" 55
"../../../Engine/Plugins/Interchange/Runtime/Content/Pipelines/DefaultGLTFAssetsPipeline.uasset" 56
"../../../Engine/Plugins/Interchange/Runtime/Content/Pipelines/DefaultGLTFAssetsPipeline.uexp" 57
"../../../Engine/Plugins/Interchange/Runtime/Content/Pipelines/DefaultAssetsPipeline.uasset" 58
"../../../Engine/Plugins/Interchange/Runtime/Content/Pipelines/DefaultAssetsPipeline.uexp" 59
"../../../Engine/Content/EngineResources/GradientTexture0.uasset" 60
"../../../Engine/Content/EngineResources/GradientTexture0.uexp" 61
"../../../Engine/Content/EngineResources/Black.uasset" 62
"../../../Engine/Content/EngineResources/Black.uexp" 63
"../../../Engine/Content/EditorResources/S_Actor.ubulk" 64
"../../../Engine/Content/EditorResources/S_Actor.uasset" 65
"../../../Engine/Content/EditorResources/S_Actor.uexp" 66
"../../../Engine/Content/EditorResources/S_Trigger.ubulk" 67
"../../../Engine/Content/EditorResources/S_Trigger.uasset" 68
"../../../Engine/Content/EditorResources/S_Trigger.uexp" 69
"../../../Engine/Content/EditorResources/S_BoxReflectionCapture.uasset" 70
"../../../Engine/Content/EditorResources/S_BoxReflectionCapture.uexp" 71
"../../../Engine/Plugins/NNE/NNEDenoiser/Content/NNEDTOM_Output_Default.uasset" 72
"../../../Engine/Plugins/NNE/NNEDenoiser/Content/NNEDTOM_Output_Default.uexp" 73
"../../../Engine/Plugins/NNE/NNEDenoiser/Content/NNEDTOM_Output_Alpha.uasset" 74
"../../../Engine/Plugins/NNE/NNEDenoiser/Content/NNEDTOM_Output_Alpha.uexp" 75
"../../../Engine/Plugins/NNE/NNEDenoiser/Content/NNEDTIM_ColorAlbedoNormal_Default.uasset" 76
"../../../Engine/Plugins/NNE/NNEDenoiser/Content/NNEDTIM_ColorAlbedoNormal_Default.uexp" 77
"../../../Engine/Plugins/NNE/NNEDenoiser/Content/NNEDTIM_ColorAlbedoNormal_Alpha.uasset" 78
"../../../Engine/Plugins/NNE/NNEDenoiser/Content/NNEDTIM_ColorAlbedoNormal_Alpha.uexp" 79
"../../../Engine/Plugins/NNE/NNEDenoiser/Content/NNEDOM_Output_Default.uasset" 80
"../../../Engine/Plugins/NNE/NNEDenoiser/Content/NNEDOM_Output_Default.uexp" 81
"../../../Engine/Plugins/NNE/NNEDenoiser/Content/NNEDOM_Output_Alpha.uasset" 82
"../../../Engine/Plugins/NNE/NNEDenoiser/Content/NNEDOM_Output_Alpha.uexp" 83
"../../../Engine/Plugins/NNE/NNEDenoiser/Content/NNEDIM_HighQuality_Default.uasset" 84
"../../../Engine/Plugins/NNE/NNEDenoiser/Content/NNEDIM_HighQuality_Default.uexp" 85
"../../../Engine/Plugins/NNE/NNEDenoiser/Content/NNEDIM_HighQuality_Alpha.uasset" 86
"../../../Engine/Plugins/NNE/NNEDenoiser/Content/NNEDIM_HighQuality_Alpha.uexp" 87
"../../../Engine/Plugins/NNE/NNEDenoiser/Content/NNEDIM_ColorAlbedoNormal_Default.uasset" 88
"../../../Engine/Plugins/NNE/NNEDenoiser/Content/NNEDIM_ColorAlbedoNormal_Default.uexp" 89
"../../../Engine/Plugins/NNE/NNEDenoiser/Content/NNEDIM_ColorAlbedoNormal_Alpha.uasset" 90
"../../../Engine/Plugins/NNE/NNEDenoiser/Content/NNEDIM_ColorAlbedoNormal_Alpha.uexp" 91
"../../../Engine/Content/EngineMaterials/T_Default_Material_Grid_M.ubulk" 92
"../../../Engine/Content/EngineMaterials/T_Default_Material_Grid_M.uasset" 93
"../../../Engine/Content/EngineMaterials/T_Default_Material_Grid_M.uexp" 94
"../../../Engine/Content/Functions/Engine_MaterialFunctions01/Opacity/CameraDepthFade.uasset" 95
"../../../Engine/Content/Functions/Engine_MaterialFunctions01/Opacity/CameraDepthFade.uexp" 96
"../../../Engine/Content/EngineMaterials/T_Default_Material_Grid_N.ubulk" 97
"../../../Engine/Content/EngineMaterials/T_Default_Material_Grid_N.uasset" 98
"../../../Engine/Content/EngineMaterials/T_Default_Material_Grid_N.uexp" 99
"../../../Engine/Content/EngineMaterials/WorldGridMaterial.uasset" 100
"../../../Engine/Content/EngineMaterials/WorldGridMaterial.uexp" 101
"../../../Engine/Plugins/Media/MediaPlate/Content/SM_MediaPlateScreen.ubulk" 102
"../../../Engine/Plugins/Media/MediaPlate/Content/SM_MediaPlateScreen.uasset" 103
"../../../Engine/Plugins/Media/MediaPlate/Content/SM_MediaPlateScreen.uexp" 104
"../../../Engine/Content/Functions/Engine_MaterialFunctions02/WorldPositionOffset/CameraOffset.uasset" 105
"../../../Engine/Content/Functions/Engine_MaterialFunctions02/WorldPositionOffset/CameraOffset.uexp" 106
"../../../Engine/Plugins/Animation/ControlRig/Content/M_Manip.uasset" 107
"../../../Engine/Plugins/Animation/ControlRig/Content/M_Manip.uexp" 108
"../../../Engine/Content/EngineMaterials/DefaultMaterial.uasset" 109
"../../../Engine/Content/EngineMaterials/DefaultMaterial.uexp" 110
"../../../Engine/Content/BasicShapes/Sphere.ubulk" 111
"../../../Engine/Content/BasicShapes/Sphere.uasset" 112
"../../../Engine/Content/BasicShapes/Sphere.uexp" 113
"../../../Engine/Content/BasicShapes/Plane.ubulk" 114
"../../../Engine/Content/BasicShapes/Plane.uasset" 115
"../../../Engine/Content/BasicShapes/Plane.uexp" 116
"../../../Engine/Content/BasicShapes/Cylinder.ubulk" 117
"../../../Engine/Content/BasicShapes/Cylinder.uasset" 118
"../../../Engine/Content/BasicShapes/Cylinder.uexp" 119
"../../../Engine/Content/BasicShapes/Cube.ubulk" 120
"../../../Engine/Content/BasicShapes/Cube.uasset" 121
"../../../Engine/Content/BasicShapes/Cube.uexp" 122
"../../../Engine/Content/BasicShapes/Cone.ubulk" 123
"../../../Engine/Content/BasicShapes/Cone.uasset" 124
"../../../Engine/Content/BasicShapes/Cone.uexp" 125
"../../../Engine/Content/BasicShapes/BasicShapeMaterial.uasset" 126
"../../../Engine/Content/BasicShapes/BasicShapeMaterial.uexp" 127
"../../../Engine/Content/EditorResources/S_TriggerSphere.uasset" 128
"../../../Engine/Content/EditorResources/S_TriggerSphere.uexp" 129
"../../../Engine/Content/EditorResources/S_TriggerCapsule.uasset" 130
"../../../Engine/Content/EditorResources/S_TriggerCapsule.uexp" 131
"../../../Engine/Content/EditorResources/S_TriggerBox.uasset" 132
"../../../Engine/Content/EditorResources/S_TriggerBox.uexp" 133
"../../../Engine/Content/EditorResources/S_Terrain.ubulk" 134
"../../../Engine/Content/EditorResources/S_Terrain.uasset" 135
"../../../Engine/Content/EditorResources/S_Terrain.uexp" 136
"../../../Engine/Content/EditorResources/S_Solver.ubulk" 137
"../../../Engine/Content/EditorResources/S_Solver.uasset" 138
"../../../Engine/Content/EditorResources/S_Solver.uexp" 139
"../../../Engine/Content/EditorResources/BSPVertex.uasset" 140
"../../../Engine/Content/EditorResources/BSPVertex.uexp" 141
"../../../Engine/Content/EditorMaterials/PreviewShadowIndicator.ubulk" 142
"../../../Engine/Content/EditorMaterials/PreviewShadowIndicator.uasset" 143
"../../../Engine/Content/EditorMaterials/PreviewShadowIndicator.uexp" 144
"../../../Engine/Content/EditorMaterials/PreviewShadowIndicatorMaterial.uasset" 145
"../../../Engine/Content/EditorMaterials/PreviewShadowIndicatorMaterial.uexp" 146
"../../../Engine/Content/EditorMaterials/PhAT_UnselectedMaterial.uasset" 147
"../../../Engine/Content/EditorMaterials/PhAT_UnselectedMaterial.uexp" 148
"../../../Engine/Content/EditorMaterials/PhAT_NoCollisionMaterial.uasset" 149
"../../../Engine/Content/EditorMaterials/PhAT_NoCollisionMaterial.uexp" 150
"../../../Engine/Content/EditorLandscapeResources/SplineEditorMeshMat.uasset" 151
"../../../Engine/Content/EditorLandscapeResources/SplineEditorMeshMat.uexp" 152
"../../../Engine/Content/EditorLandscapeResources/SplineEditorMesh.ubulk" 153
"../../../Engine/Content/EditorLandscapeResources/SplineEditorMesh.uasset" 154
"../../../Engine/Content/EditorLandscapeResources/SplineEditorMesh.uexp" 155
"../../../Engine/Content/EditorLandscapeResources/WhiteSquareTexture.uasset" 156
"../../../Engine/Content/EditorLandscapeResources/WhiteSquareTexture.uexp" 157
"../../../Engine/Content/EditorLandscapeResources/LayerVisMaterial.uasset" 158
"../../../Engine/Content/EditorLandscapeResources/LayerVisMaterial.uexp" 159
"../../../Engine/Content/Functions/Engine_MaterialFunctions02/WorldPositionOffset/LocalPosition.uasset" 160
"../../../Engine/Content/Functions/Engine_MaterialFunctions02/WorldPositionOffset/LocalPosition.uexp" 161
"../../../Engine/Content/Functions/Engine_MaterialFunctions02/Utility/BreakOutFloat2Components.uasset" 162
"../../../Engine/Content/Functions/Engine_MaterialFunctions02/Utility/BreakOutFloat2Components.uexp" 163
"../../../Engine/Content/Functions/Engine_MaterialFunctions01/Texturing/ScaleUVsByCenter.uasset" 164
"../../../Engine/Content/Functions/Engine_MaterialFunctions01/Texturing/ScaleUVsByCenter.uexp" 165
"../../../Engine/Content/EngineMaterials/DefaultDiffuse.ubulk" 166
"../../../Engine/Content/EngineMaterials/DefaultDiffuse.uasset" 167
"../../../Engine/Content/EngineMaterials/DefaultDiffuse.uexp" 168
"../../../Engine/Content/Functions/Engine_MaterialFunctions01/Texturing/TextureCropping.uasset" 169
"../../../Engine/Content/Functions/Engine_MaterialFunctions01/Texturing/TextureCropping.uexp" 170
"../../../Engine/Content/Functions/Engine_MaterialFunctions02/ExampleContent/DebugNumberStrip.uasset" 171
"../../../Engine/Content/Functions/Engine_MaterialFunctions02/ExampleContent/DebugNumberStrip.uexp" 172
"../../../Engine/Content/Functions/Engine_MaterialFunctions01/Debug/DebugIntValues.uasset" 173
"../../../Engine/Content/Functions/Engine_MaterialFunctions01/Debug/DebugIntValues.uexp" 174
"../../../Engine/Content/EditorLandscapeResources/LandscapeLayerUsageMaterial.uasset" 175
"../../../Engine/Content/EditorLandscapeResources/LandscapeLayerUsageMaterial.uexp" 176
"../../../Engine/Content/EditorLandscapeResources/DefaultAlphaTexture.uasset" 177
"../../../Engine/Content/EditorLandscapeResources/DefaultAlphaTexture.uexp" 178
"../../../Engine/Content/EditorLandscapeResources/LandscapeDirtyMaterial.uasset" 179
"../../../Engine/Content/EditorLandscapeResources/LandscapeDirtyMaterial.uexp" 180
"../../../Engine/Content/Functions/Engine_MaterialFunctions02/Utility/VectorLength.uasset" 181
"../../../Engine/Content/Functions/Engine_MaterialFunctions02/Utility/VectorLength.uexp" 182
"../../../Engine/Content/Functions/Engine_MaterialFunctions02/Utility/BreakOutFloat3Components.uasset" 183
"../../../Engine/Content/Functions/Engine_MaterialFunctions02/Utility/BreakOutFloat3Components.uexp" 184
"../../../Engine/Content/Functions/Engine_MaterialFunctions02/WorldPositionOffset/ObjectScale.uasset" 185
"../../../Engine/Content/Functions/Engine_MaterialFunctions02/WorldPositionOffset/ObjectScale.uexp" 186
"../../../Engine/Content/Functions/Engine_MaterialFunctions02/SafeNormalize.uasset" 187
"../../../Engine/Content/Functions/Engine_MaterialFunctions02/SafeNormalize.uexp" 188
"../../../Engine/Plugins/Editor/SpeedTreeImporter/Content/SpeedTree9/UnpackInteger3.uasset" 189
"../../../Engine/Plugins/Editor/SpeedTreeImporter/Content/SpeedTree9/UnpackInteger3.uexp" 190
"../../../Engine/Plugins/Editor/SpeedTreeImporter/Content/SpeedTree9/UnpackDirection.uasset" 191
"../../../Engine/Plugins/Editor/SpeedTreeImporter/Content/SpeedTree9/UnpackDirection.uexp" 192
"../../../Engine/Plugins/Editor/SpeedTreeImporter/Content/SpeedTree9/game_wind_noise.ubulk" 193
"../../../Engine/Plugins/Editor/SpeedTreeImporter/Content/SpeedTree9/game_wind_noise.uasset" 194
"../../../Engine/Plugins/Editor/SpeedTreeImporter/Content/SpeedTree9/game_wind_noise.uexp" 195
"../../../Engine/Plugins/Editor/SpeedTreeImporter/Content/SpeedTree9/SpeedTreeWindMotion.uasset" 196
"../../../Engine/Plugins/Editor/SpeedTreeImporter/Content/SpeedTree9/SpeedTreeWindMotion.uexp" 197
"../../../Engine/Plugins/Editor/SpeedTreeImporter/Content/SpeedTree9/SpeedTreeBranchMotion.uasset" 198
"../../../Engine/Plugins/Editor/SpeedTreeImporter/Content/SpeedTree9/SpeedTreeBranchMotion.uexp" 199
"../../../Engine/Content/Functions/Engine_MaterialFunctions02/ObjectLocalBounds.uasset" 200
"../../../Engine/Content/Functions/Engine_MaterialFunctions02/ObjectLocalBounds.uexp" 201
"../../../Engine/Content/Functions/Engine_MaterialFunctions02/UVs/BoundingBoxBased_0-1_UVW.uasset" 202
"../../../Engine/Content/Functions/Engine_MaterialFunctions02/UVs/BoundingBoxBased_0-1_UVW.uexp" 203
"../../../Engine/Plugins/Editor/SpeedTreeImporter/Content/SpeedTree9/SpeedTreeWind.uasset" 204
"../../../Engine/Plugins/Editor/SpeedTreeImporter/Content/SpeedTree9/SpeedTreeWind.uexp" 205
"../../../Engine/Plugins/Editor/SpeedTreeImporter/Content/SpeedTree9/SpeedTreeCameraFacing.uasset" 206
"../../../Engine/Plugins/Editor/SpeedTreeImporter/Content/SpeedTree9/SpeedTreeCameraFacing.uexp" 207
"../../../Engine/Plugins/Editor/SpeedTreeImporter/Content/SpeedTree9/EmptyNormal.uasset" 208
"../../../Engine/Plugins/Editor/SpeedTreeImporter/Content/SpeedTree9/EmptyNormal.uexp" 209
"../../../Engine/Plugins/Editor/SpeedTreeImporter/Content/SpeedTree9/Empty.uasset" 210
"../../../Engine/Plugins/Editor/SpeedTreeImporter/Content/SpeedTree9/Empty.uexp" 211
"../../../Engine/Plugins/Editor/SpeedTreeImporter/Content/SpeedTree9/SpeedTreeMaster.uasset" 212
"../../../Engine/Plugins/Editor/SpeedTreeImporter/Content/SpeedTree9/SpeedTreeMaster.uexp" 213
"../../../Engine/Plugins/Editor/SpeedTreeImporter/Content/SpeedTree9/SpeedTreeBillboard.uasset" 214
"../../../Engine/Plugins/Editor/SpeedTreeImporter/Content/SpeedTree9/SpeedTreeBillboard.uexp" 215
"../../../Engine/Plugins/Editor/SpeedTreeImporter/Content/SpeedTree9/SpeedTreeBillboardMaster.uasset" 216
"../../../Engine/Plugins/Editor/SpeedTreeImporter/Content/SpeedTree9/SpeedTreeBillboardMaster.uexp" 217
"../../../Engine/Content/EngineResources/DefaultTexture.ubulk" 218
"../../../Engine/Content/EngineResources/DefaultTexture.uasset" 219
"../../../Engine/Content/EngineResources/DefaultTexture.uexp" 220
"../../../Engine/Plugins/Animation/ControlRig/Content/Controls/ControlRig_Wedge_solid.ubulk" 221
"../../../Engine/Plugins/Animation/ControlRig/Content/Controls/ControlRig_Wedge_solid.uasset" 222
"../../../Engine/Plugins/Animation/ControlRig/Content/Controls/ControlRig_Wedge_solid.uexp" 223
"../../../Engine/Plugins/Animation/ControlRig/Content/Controls/ControlRig_Wedge_3mm.ubulk" 224
"../../../Engine/Plugins/Animation/ControlRig/Content/Controls/ControlRig_Wedge_3mm.uasset" 225
"../../../Engine/Plugins/Animation/ControlRig/Content/Controls/ControlRig_Wedge_3mm.uexp" 226
"../../../Engine/Plugins/Animation/ControlRig/Content/Controls/ControlRig_Wedge_1mm.ubulk" 227
"../../../Engine/Plugins/Animation/ControlRig/Content/Controls/ControlRig_Wedge_1mm.uasset" 228
"../../../Engine/Plugins/Animation/ControlRig/Content/Controls/ControlRig_Wedge_1mm.uexp" 229
"../../../Engine/Plugins/Animation/ControlRig/Content/Controls/ControlRig_Triangle_solid.ubulk" 230
"../../../Engine/Plugins/Animation/ControlRig/Content/Controls/ControlRig_Triangle_solid.uasset" 231
"../../../Engine/Plugins/Animation/ControlRig/Content/Controls/ControlRig_Triangle_solid.uexp" 232
"../../../Engine/Plugins/Animation/ControlRig/Content/Controls/ControlRig_Triangle_3mm.ubulk" 233
"../../../Engine/Plugins/Animation/ControlRig/Content/Controls/ControlRig_Triangle_3mm.uasset" 234
"../../../Engine/Plugins/Animation/ControlRig/Content/Controls/ControlRig_Triangle_3mm.uexp" 235
"../../../Engine/Plugins/Animation/ControlRig/Content/Controls/ControlRig_Triangle_1mm.ubulk" 236
"../../../Engine/Plugins/Animation/ControlRig/Content/Controls/ControlRig_Triangle_1mm.uasset" 237
"../../../Engine/Plugins/Animation/ControlRig/Content/Controls/ControlRig_Triangle_1mm.uexp" 238
"../../../Engine/Plugins/Animation/ControlRig/Content/Controls/ControlRig_Star4_solid.ubulk" 239
"../../../Engine/Plugins/Animation/ControlRig/Content/Controls/ControlRig_Star4_solid.uasset" 240
"../../../Engine/Plugins/Animation/ControlRig/Content/Controls/ControlRig_Star4_solid.uexp" 241
"../../../Engine/Plugins/Animation/ControlRig/Content/Controls/ControlRig_Star4_3mm.ubulk" 242
"../../../Engine/Plugins/Animation/ControlRig/Content/Controls/ControlRig_Star4_3mm.uasset" 243
"../../../Engine/Plugins/Animation/ControlRig/Content/Controls/ControlRig_Star4_3mm.uexp" 244
"../../../Engine/Plugins/Animation/ControlRig/Content/Controls/ControlRig_Star4_1mm.ubulk" 245
"../../../Engine/Plugins/Animation/ControlRig/Content/Controls/ControlRig_Star4_1mm.uasset" 246
"../../../Engine/Plugins/Animation/ControlRig/Content/Controls/ControlRig_Star4_1mm.uexp" 247
"../../../Engine/Plugins/Animation/ControlRig/Content/Controls/ControlRig_Square_solid.ubulk" 248
"../../../Engine/Plugins/Animation/ControlRig/Content/Controls/ControlRig_Square_solid.uasset" 249
"../../../Engine/Plugins/Animation/ControlRig/Content/Controls/ControlRig_Square_solid.uexp" 250
"../../../Engine/Plugins/Animation/ControlRig/Content/Controls/ControlRig_Square_3mm.ubulk" 251
"../../../Engine/Plugins/Animation/ControlRig/Content/Controls/ControlRig_Square_3mm.uasset" 252
"../../../Engine/Plugins/Animation/ControlRig/Content/Controls/ControlRig_Square_3mm.uexp" 253
"../../../Engine/Plugins/Animation/ControlRig/Content/Controls/ControlRig_Square_1mm.ubulk" 254
"../../../Engine/Plugins/Animation/ControlRig/Content/Controls/ControlRig_Square_1mm.uasset" 255
"../../../Engine/Plugins/Animation/ControlRig/Content/Controls/ControlRig_Square_1mm.uexp" 256
"../../../Engine/Plugins/Animation/ControlRig/Content/Controls/ControlRig_Sphere_solid.ubulk" 257
"../../../Engine/Plugins/Animation/ControlRig/Content/Controls/ControlRig_Sphere_solid.uasset" 258
"../../../Engine/Plugins/Animation/ControlRig/Content/Controls/ControlRig_Sphere_solid.uexp" 259
"../../../Engine/Plugins/Animation/ControlRig/Content/Controls/ControlRig_Sphere_3mm.ubulk" 260
"../../../Engine/Plugins/Animation/ControlRig/Content/Controls/ControlRig_Sphere_3mm.uasset" 261
"../../../Engine/Plugins/Animation/ControlRig/Content/Controls/ControlRig_Sphere_3mm.uexp" 262
"../../../Engine/Plugins/Animation/ControlRig/Content/Controls/ControlRig_Sphere_1mm.ubulk" 263
"../../../Engine/Plugins/Animation/ControlRig/Content/Controls/ControlRig_Sphere_1mm.uasset" 264
"../../../Engine/Plugins/Animation/ControlRig/Content/Controls/ControlRig_Sphere_1mm.uexp" 265
"../../../Engine/Plugins/Animation/ControlRig/Content/Controls/ControlRig_RoundedTriangle_solid.ubulk" 266
"../../../Engine/Plugins/Animation/ControlRig/Content/Controls/ControlRig_RoundedTriangle_solid.uasset" 267
"../../../Engine/Plugins/Animation/ControlRig/Content/Controls/ControlRig_RoundedTriangle_solid.uexp" 268
"../../../Engine/Plugins/Animation/ControlRig/Content/Controls/ControlRig_RoundedTriangle_3mm.ubulk" 269
"../../../Engine/Plugins/Animation/ControlRig/Content/Controls/ControlRig_RoundedTriangle_3mm.uasset" 270
"../../../Engine/Plugins/Animation/ControlRig/Content/Controls/ControlRig_RoundedTriangle_3mm.uexp" 271
"../../../Engine/Plugins/Animation/ControlRig/Content/Controls/ControlRig_RoundedTriangle_1mm.ubulk" 272
"../../../Engine/Plugins/Animation/ControlRig/Content/Controls/ControlRig_RoundedTriangle_1mm.uasset" 273
"../../../Engine/Plugins/Animation/ControlRig/Content/Controls/ControlRig_RoundedTriangle_1mm.uexp" 274
"../../../Engine/Plugins/Animation/ControlRig/Content/Controls/ControlRig_RoundedSquare_solid.ubulk" 275
"../../../Engine/Plugins/Animation/ControlRig/Content/Controls/ControlRig_RoundedSquare_solid.uasset" 276
"../../../Engine/Plugins/Animation/ControlRig/Content/Controls/ControlRig_RoundedSquare_solid.uexp" 277
"../../../Engine/Plugins/Animation/ControlRig/Content/Controls/ControlRig_RoundedSquare_3mm.ubulk" 278
"../../../Engine/Plugins/Animation/ControlRig/Content/Controls/ControlRig_RoundedSquare_3mm.uasset" 279
"../../../Engine/Plugins/Animation/ControlRig/Content/Controls/ControlRig_RoundedSquare_3mm.uexp" 280
"../../../Engine/Plugins/Animation/ControlRig/Content/Controls/ControlRig_RoundedSquare_1mm.ubulk" 281
"../../../Engine/Plugins/Animation/ControlRig/Content/Controls/ControlRig_RoundedSquare_1mm.uasset" 282
"../../../Engine/Plugins/Animation/ControlRig/Content/Controls/ControlRig_RoundedSquare_1mm.uexp" 283
"../../../Engine/Plugins/Animation/ControlRig/Content/Controls/ControlRig_QuarterCircle_solid.ubulk" 284
"../../../Engine/Plugins/Animation/ControlRig/Content/Controls/ControlRig_QuarterCircle_solid.uasset" 285
"../../../Engine/Plugins/Animation/ControlRig/Content/Controls/ControlRig_QuarterCircle_solid.uexp" 286
"../../../Engine/Plugins/Animation/ControlRig/Content/Controls/ControlRig_QuarterCircle_3mm.ubulk" 287
"../../../Engine/Plugins/Animation/ControlRig/Content/Controls/ControlRig_QuarterCircle_3mm.uasset" 288
"../../../Engine/Plugins/Animation/ControlRig/Content/Controls/ControlRig_QuarterCircle_3mm.uexp" 289
"../../../Engine/Plugins/Animation/ControlRig/Content/Controls/ControlRig_QuarterCircle_1mm.ubulk" 290
"../../../Engine/Plugins/Animation/ControlRig/Content/Controls/ControlRig_QuarterCircle_1mm.uasset" 291
"../../../Engine/Plugins/Animation/ControlRig/Content/Controls/ControlRig_QuarterCircle_1mm.uexp" 292
"../../../Engine/Plugins/Animation/ControlRig/Content/Controls/ControlRig_Pyramid_solid.ubulk" 293
"../../../Engine/Plugins/Animation/ControlRig/Content/Controls/ControlRig_Pyramid_solid.uasset" 294
"../../../Engine/Plugins/Animation/ControlRig/Content/Controls/ControlRig_Pyramid_solid.uexp" 295
"../../../Engine/Plugins/Animation/ControlRig/Content/Controls/ControlRig_Pyramid_3mm.ubulk" 296
"../../../Engine/Plugins/Animation/ControlRig/Content/Controls/ControlRig_Pyramid_3mm.uasset" 297
"../../../Engine/Plugins/Animation/ControlRig/Content/Controls/ControlRig_Pyramid_3mm.uexp" 298
"../../../Engine/Plugins/Animation/ControlRig/Content/Controls/ControlRig_Pyramid_1mm.ubulk" 299
"../../../Engine/Plugins/Animation/ControlRig/Content/Controls/ControlRig_Pyramid_1mm.uasset" 300
"../../../Engine/Plugins/Animation/ControlRig/Content/Controls/ControlRig_Pyramid_1mm.uexp" 301
"../../../Engine/Plugins/Animation/ControlRig/Content/Controls/ControlRig_Octagon_solid.ubulk" 302
"../../../Engine/Plugins/Animation/ControlRig/Content/Controls/ControlRig_Octagon_solid.uasset" 303
"../../../Engine/Plugins/Animation/ControlRig/Content/Controls/ControlRig_Octagon_solid.uexp" 304
"../../../Engine/Plugins/Animation/ControlRig/Content/Controls/ControlRig_Octagon_3mm.ubulk" 305
"../../../Engine/Plugins/Animation/ControlRig/Content/Controls/ControlRig_Octagon_3mm.uasset" 306
"../../../Engine/Plugins/Animation/ControlRig/Content/Controls/ControlRig_Octagon_3mm.uexp" 307
"../../../Engine/Plugins/Animation/ControlRig/Content/Controls/ControlRig_Octagon_1mm.ubulk" 308
"../../../Engine/Plugins/Animation/ControlRig/Content/Controls/ControlRig_Octagon_1mm.uasset" 309
"../../../Engine/Plugins/Animation/ControlRig/Content/Controls/ControlRig_Octagon_1mm.uexp" 310
"../../../Engine/Plugins/Animation/ControlRig/Content/Controls/ControlRig_Hexagon_solid.ubulk" 311
"../../../Engine/Plugins/Animation/ControlRig/Content/Controls/ControlRig_Hexagon_solid.uasset" 312
"../../../Engine/Plugins/Animation/ControlRig/Content/Controls/ControlRig_Hexagon_solid.uexp" 313
"../../../Engine/Plugins/Animation/ControlRig/Content/Controls/ControlRig_Hexagon_3mm.ubulk" 314
"../../../Engine/Plugins/Animation/ControlRig/Content/Controls/ControlRig_Hexagon_3mm.uasset" 315
"../../../Engine/Plugins/Animation/ControlRig/Content/Controls/ControlRig_Hexagon_3mm.uexp" 316
"../../../Engine/Plugins/Animation/ControlRig/Content/Controls/ControlRig_Hexagon_1mm.ubulk" 317
"../../../Engine/Plugins/Animation/ControlRig/Content/Controls/ControlRig_Hexagon_1mm.uasset" 318
"../../../Engine/Plugins/Animation/ControlRig/Content/Controls/ControlRig_Hexagon_1mm.uexp" 319
"../../../Engine/Plugins/Animation/ControlRig/Content/Controls/ControlRig_HalfCircle_solid.ubulk" 320
"../../../Engine/Plugins/Animation/ControlRig/Content/Controls/ControlRig_HalfCircle_solid.uasset" 321
"../../../Engine/Plugins/Animation/ControlRig/Content/Controls/ControlRig_HalfCircle_solid.uexp" 322
"../../../Engine/Plugins/Animation/ControlRig/Content/Controls/ControlRig_HalfCircle_3mm.ubulk" 323
"../../../Engine/Plugins/Animation/ControlRig/Content/Controls/ControlRig_HalfCircle_3mm.uasset" 324
"../../../Engine/Plugins/Animation/ControlRig/Content/Controls/ControlRig_HalfCircle_3mm.uexp" 325
"../../../Engine/Plugins/Animation/ControlRig/Content/Controls/ControlRig_HalfCircle_1mm.ubulk" 326
"../../../Engine/Plugins/Animation/ControlRig/Content/Controls/ControlRig_HalfCircle_1mm.uasset" 327
"../../../Engine/Plugins/Animation/ControlRig/Content/Controls/ControlRig_HalfCircle_1mm.uexp" 328
"../../../Engine/Plugins/Animation/ControlRig/Content/Controls/ControlRig_Diamond_solid.ubulk" 329
"../../../Engine/Plugins/Animation/ControlRig/Content/Controls/ControlRig_Diamond_solid.uasset" 330
"../../../Engine/Plugins/Animation/ControlRig/Content/Controls/ControlRig_Diamond_solid.uexp" 331
"../../../Engine/Plugins/Animation/ControlRig/Content/Controls/ControlRig_Diamond_3mm.ubulk" 332
"../../../Engine/Plugins/Animation/ControlRig/Content/Controls/ControlRig_Diamond_3mm.uasset" 333
"../../../Engine/Plugins/Animation/ControlRig/Content/Controls/ControlRig_Diamond_3mm.uexp" 334
"../../../Engine/Plugins/Animation/ControlRig/Content/Controls/ControlRig_Diamond_1mm.ubulk" 335
"../../../Engine/Plugins/Animation/ControlRig/Content/Controls/ControlRig_Diamond_1mm.uasset" 336
"../../../Engine/Plugins/Animation/ControlRig/Content/Controls/ControlRig_Diamond_1mm.uexp" 337
"../../../Engine/Plugins/Animation/ControlRig/Content/Controls/ControlRig_Circle_solid.ubulk" 338
"../../../Engine/Plugins/Animation/ControlRig/Content/Controls/ControlRig_Circle_solid.uasset" 339
"../../../Engine/Plugins/Animation/ControlRig/Content/Controls/ControlRig_Circle_solid.uexp" 340
"../../../Engine/Plugins/Animation/ControlRig/Content/Controls/ControlRig_Circle_3mm.ubulk" 341
"../../../Engine/Plugins/Animation/ControlRig/Content/Controls/ControlRig_Circle_3mm.uasset" 342
"../../../Engine/Plugins/Animation/ControlRig/Content/Controls/ControlRig_Circle_3mm.uexp" 343
"../../../Engine/Plugins/Animation/ControlRig/Content/Controls/ControlRig_Circle_1mm.ubulk" 344
"../../../Engine/Plugins/Animation/ControlRig/Content/Controls/ControlRig_Circle_1mm.uasset" 345
"../../../Engine/Plugins/Animation/ControlRig/Content/Controls/ControlRig_Circle_1mm.uexp" 346
"../../../Engine/Plugins/Animation/ControlRig/Content/Controls/ControlRig_Box_solid.ubulk" 347
"../../../Engine/Plugins/Animation/ControlRig/Content/Controls/ControlRig_Box_solid.uasset" 348
"../../../Engine/Plugins/Animation/ControlRig/Content/Controls/ControlRig_Box_solid.uexp" 349
"../../../Engine/Plugins/Animation/ControlRig/Content/Controls/ControlRig_Box_3mm.ubulk" 350
"../../../Engine/Plugins/Animation/ControlRig/Content/Controls/ControlRig_Box_3mm.uasset" 351
"../../../Engine/Plugins/Animation/ControlRig/Content/Controls/ControlRig_Box_3mm.uexp" 352
"../../../Engine/Plugins/Animation/ControlRig/Content/Controls/ControlRig_Box_1mm.ubulk" 353
"../../../Engine/Plugins/Animation/ControlRig/Content/Controls/ControlRig_Box_1mm.uasset" 354
"../../../Engine/Plugins/Animation/ControlRig/Content/Controls/ControlRig_Box_1mm.uexp" 355
"../../../Engine/Plugins/Animation/ControlRig/Content/Controls/ControlRig_Arrow_solid.ubulk" 356
"../../../Engine/Plugins/Animation/ControlRig/Content/Controls/ControlRig_Arrow_solid.uasset" 357
"../../../Engine/Plugins/Animation/ControlRig/Content/Controls/ControlRig_Arrow_solid.uexp" 358
"../../../Engine/Plugins/Animation/ControlRig/Content/Controls/ControlRig_Arrow_3mm.ubulk" 359
"../../../Engine/Plugins/Animation/ControlRig/Content/Controls/ControlRig_Arrow_3mm.uasset" 360
"../../../Engine/Plugins/Animation/ControlRig/Content/Controls/ControlRig_Arrow_3mm.uexp" 361
"../../../Engine/Plugins/Animation/ControlRig/Content/Controls/ControlRig_Arrow_1mm.ubulk" 362
"../../../Engine/Plugins/Animation/ControlRig/Content/Controls/ControlRig_Arrow_1mm.uasset" 363
"../../../Engine/Plugins/Animation/ControlRig/Content/Controls/ControlRig_Arrow_1mm.uexp" 364
"../../../Engine/Plugins/Animation/ControlRig/Content/Controls/ControlRig_Arrow4_solid.ubulk" 365
"../../../Engine/Plugins/Animation/ControlRig/Content/Controls/ControlRig_Arrow4_solid.uasset" 366
"../../../Engine/Plugins/Animation/ControlRig/Content/Controls/ControlRig_Arrow4_solid.uexp" 367
"../../../Engine/Plugins/Animation/ControlRig/Content/Controls/ControlRig_Arrow4_3mm.ubulk" 368
"../../../Engine/Plugins/Animation/ControlRig/Content/Controls/ControlRig_Arrow4_3mm.uasset" 369
"../../../Engine/Plugins/Animation/ControlRig/Content/Controls/ControlRig_Arrow4_3mm.uexp" 370
"../../../Engine/Plugins/Animation/ControlRig/Content/Controls/ControlRig_Arrow4_1mm.ubulk" 371
"../../../Engine/Plugins/Animation/ControlRig/Content/Controls/ControlRig_Arrow4_1mm.uasset" 372
"../../../Engine/Plugins/Animation/ControlRig/Content/Controls/ControlRig_Arrow4_1mm.uexp" 373
"../../../Engine/Plugins/Animation/ControlRig/Content/Controls/ControlRig_Arrow2_solid.ubulk" 374
"../../../Engine/Plugins/Animation/ControlRig/Content/Controls/ControlRig_Arrow2_solid.uasset" 375
"../../../Engine/Plugins/Animation/ControlRig/Content/Controls/ControlRig_Arrow2_solid.uexp" 376
"../../../Engine/Plugins/Animation/ControlRig/Content/Controls/ControlRig_Arrow2_3mm.ubulk" 377
"../../../Engine/Plugins/Animation/ControlRig/Content/Controls/ControlRig_Arrow2_3mm.uasset" 378
"../../../Engine/Plugins/Animation/ControlRig/Content/Controls/ControlRig_Arrow2_3mm.uexp" 379
"../../../Engine/Plugins/Animation/ControlRig/Content/Controls/ControlRig_Arrow2_1mm.ubulk" 380
"../../../Engine/Plugins/Animation/ControlRig/Content/Controls/ControlRig_Arrow2_1mm.uasset" 381
"../../../Engine/Plugins/Animation/ControlRig/Content/Controls/ControlRig_Arrow2_1mm.uexp" 382
"../../../Engine/Plugins/Animation/ControlRig/Content/Controls/ControlRigXRayMaterial.uasset" 383
"../../../Engine/Plugins/Animation/ControlRig/Content/Controls/ControlRigXRayMaterial.uexp" 384
"../../../Engine/Plugins/Animation/ControlRig/Content/Controls/ControlRigGizmoMaterial.uasset" 385
"../../../Engine/Plugins/Animation/ControlRig/Content/Controls/ControlRigGizmoMaterial.uexp" 386
"../../../Engine/Content/MapTemplates/SM_Template_Map_Floor.ubulk" 387
"../../../Engine/Content/MapTemplates/SM_Template_Map_Floor.uasset" 388
"../../../Engine/Content/MapTemplates/SM_Template_Map_Floor.uexp" 389
"../../../Engine/Content/EngineSky/T_Sky_Stars.ubulk" 390
"../../../Engine/Content/EngineSky/T_Sky_Stars.uasset" 391
"../../../Engine/Content/EngineSky/T_Sky_Stars.uexp" 392
"../../../Engine/Content/EngineSky/T_Sky_Clouds_M.ubulk" 393
"../../../Engine/Content/EngineSky/T_Sky_Clouds_M.uasset" 394
"../../../Engine/Content/EngineSky/T_Sky_Clouds_M.uexp" 395
"../../../Engine/Content/EngineSky/T_Sky_Blue.ubulk" 396
"../../../Engine/Content/EngineSky/T_Sky_Blue.uasset" 397
"../../../Engine/Content/EngineSky/T_Sky_Blue.uexp" 398
"../../../Engine/Content/EngineSky/M_Sky_Panning_Clouds2.uasset" 399
"../../../Engine/Content/EngineSky/M_Sky_Panning_Clouds2.uexp" 400
"../../../Engine/Content/EngineSky/SM_SkySphere.ubulk" 401
"../../../Engine/Content/EngineSky/SM_SkySphere.uasset" 402
"../../../Engine/Content/EngineSky/SM_SkySphere.uexp" 403
"../../../Engine/Content/EngineSky/M_SimpleSkyDome.uasset" 404
"../../../Engine/Content/EngineSky/M_SimpleSkyDome.uexp" 405
"../../../Engine/Content/EngineMeshes/Sphere.ubulk" 406
"../../../Engine/Content/EngineMeshes/Sphere.uasset" 407
"../../../Engine/Content/EngineMeshes/Sphere.uexp" 408
"../../../Engine/Content/EngineMaterials/RemoveSurfaceMaterial.uasset" 409
"../../../Engine/Content/EngineMaterials/RemoveSurfaceMaterial.uexp" 410
"../../../Engine/Content/EngineMaterials/PreintegratedSkinBRDF.uasset" 411
"../../../Engine/Content/EngineMaterials/PreintegratedSkinBRDF.uexp" 412
"../../../Engine/Content/EngineMaterials/DefaultCalibrationGrayscale.uasset" 413
"../../../Engine/Content/EngineMaterials/DefaultCalibrationGrayscale.uexp" 414
"../../../Engine/Content/EngineMaterials/PPM_DefaultCalibrationGrayscale.uasset" 415
"../../../Engine/Content/EngineMaterials/PPM_DefaultCalibrationGrayscale.uexp" 416
"../../../Engine/Content/EngineMaterials/DefaultCalibrationColor.uasset" 417
"../../../Engine/Content/EngineMaterials/DefaultCalibrationColor.uexp" 418
"../../../Engine/Content/EngineMaterials/PPM_DefaultCalibrationColor.uasset" 419
"../../../Engine/Content/EngineMaterials/PPM_DefaultCalibrationColor.uexp" 420
"../../../Engine/Content/EngineMaterials/PhAT_JointLimitMaterial.uasset" 421
"../../../Engine/Content/EngineMaterials/PhAT_JointLimitMaterial.uexp" 422
"../../../Engine/Content/EngineMaterials/NaniteHiddenSectionMaterial.uasset" 423
"../../../Engine/Content/EngineMaterials/NaniteHiddenSectionMaterial.uexp" 424
"../../../Engine/Content/EngineMaterials/InvalidLightmapSettings.ubulk" 425
"../../../Engine/Content/EngineMaterials/InvalidLightmapSettings.uasset" 426
"../../../Engine/Content/EngineMaterials/InvalidLightmapSettings.uexp" 427
"../../../Engine/Content/EngineMaterials/M_InvalidLightmapSettings.uasset" 428
"../../../Engine/Content/EngineMaterials/M_InvalidLightmapSettings.uexp" 429
"../../../Engine/Content/EngineMaterials/MiniFont.uasset" 430
"../../../Engine/Content/EngineMaterials/MiniFont.uexp" 431
"../../../Engine/Content/EngineMaterials/GizmoMaterial.uasset" 432
"../../../Engine/Content/EngineMaterials/GizmoMaterial.uexp" 433
"../../../Engine/Content/EngineMaterials/Black_1x1_EXR_Texture_VT.ubulk" 434
"../../../Engine/Content/EngineMaterials/Black_1x1_EXR_Texture_VT.uasset" 435
"../../../Engine/Content/EngineMaterials/Black_1x1_EXR_Texture_VT.uexp" 436
"../../../Engine/Content/EngineMaterials/BaseFlattenNormalMap_VT.ubulk" 437
"../../../Engine/Content/EngineMaterials/BaseFlattenNormalMap_VT.uasset" 438
"../../../Engine/Content/EngineMaterials/BaseFlattenNormalMap_VT.uexp" 439
"../../../Engine/Content/EngineMaterials/BaseFlattenLinearColor_VT.ubulk" 440
"../../../Engine/Content/EngineMaterials/BaseFlattenLinearColor_VT.uasset" 441
"../../../Engine/Content/EngineMaterials/BaseFlattenLinearColor_VT.uexp" 442
"../../../Engine/Content/EngineMaterials/BaseFlattenGrayscaleMap_VT.ubulk" 443
"../../../Engine/Content/EngineMaterials/BaseFlattenGrayscaleMap_VT.uasset" 444
"../../../Engine/Content/EngineMaterials/BaseFlattenGrayscaleMap_VT.uexp" 445
"../../../Engine/Content/EngineMaterials/BaseFlattenEmissiveMap_VT.ubulk" 446
"../../../Engine/Content/EngineMaterials/BaseFlattenEmissiveMap_VT.uasset" 447
"../../../Engine/Content/EngineMaterials/BaseFlattenEmissiveMap_VT.uexp" 448
"../../../Engine/Content/EngineMaterials/BaseFlattenDiffuseMap_VT.ubulk" 449
"../../../Engine/Content/EngineMaterials/BaseFlattenDiffuseMap_VT.uasset" 450
"../../../Engine/Content/EngineMaterials/BaseFlattenDiffuseMap_VT.uexp" 451
"../../../Engine/Content/EngineMaterials/FlattenMaterial_WS_Normal_VT.uasset" 452
"../../../Engine/Content/EngineMaterials/FlattenMaterial_WS_Normal_VT.uexp" 453
"../../../Engine/Content/EngineMaterials/FlattenMaterial_VT.uasset" 454
"../../../Engine/Content/EngineMaterials/FlattenMaterial_VT.uexp" 455
"../../../Engine/Content/EngineMaterials/BaseFlattenDiffuseMap.uasset" 456
"../../../Engine/Content/EngineMaterials/BaseFlattenDiffuseMap.uexp" 457
"../../../Engine/Content/EngineMaterials/BaseFlattenEmissiveMap.uasset" 458
"../../../Engine/Content/EngineMaterials/BaseFlattenEmissiveMap.uexp" 459
"../../../Engine/Content/EngineMaterials/BaseFlattenGrayscaleMap.uasset" 460
"../../../Engine/Content/EngineMaterials/BaseFlattenGrayscaleMap.uexp" 461
"../../../Engine/Content/EngineMaterials/BaseFlattenNormalMap.uasset" 462
"../../../Engine/Content/EngineMaterials/BaseFlattenNormalMap.uexp" 463
"../../../Engine/Content/EngineMaterials/BaseFlattenLinearColor.uasset" 464
"../../../Engine/Content/EngineMaterials/BaseFlattenLinearColor.uexp" 465
"../../../Engine/Content/Functions/Engine_MaterialFunctions02/PivotPainter2/Black_1x1_EXR_Texture.uasset" 466
"../../../Engine/Content/Functions/Engine_MaterialFunctions02/PivotPainter2/Black_1x1_EXR_Texture.uexp" 467
"../../../Engine/Content/EngineMaterials/FlattenMaterial.uasset" 468
"../../../Engine/Content/EngineMaterials/FlattenMaterial.uexp" 469
"../../../Engine/Content/EngineMaterials/FastBlueNoise_vec2_128x128x64.uasset" 470
"../../../Engine/Content/EngineMaterials/FastBlueNoise_vec2_128x128x64.uexp" 471
"../../../Engine/Content/EngineMaterials/FastBlueNoise_scalar_128x128x8.uasset" 472
"../../../Engine/Content/EngineMaterials/FastBlueNoise_scalar_128x128x8.uexp" 473
"../../../Engine/Content/EngineMaterials/FastBlueNoise_scalar_128x128x64.uasset" 474
"../../../Engine/Content/EngineMaterials/FastBlueNoise_scalar_128x128x64.uexp" 475
"../../../Engine/Content/EngineMaterials/DefaultWhiteGrid_Low.uasset" 476
"../../../Engine/Content/EngineMaterials/DefaultWhiteGrid_Low.uexp" 477
"../../../Engine/Content/EngineMaterials/EmissiveMeshMaterial.uasset" 478
"../../../Engine/Content/EngineMaterials/EmissiveMeshMaterial.uexp" 479
"../../../Engine/Content/EngineMaterials/DefaultWhiteGrid.ubulk" 480
"../../../Engine/Content/EngineMaterials/DefaultWhiteGrid.uasset" 481
"../../../Engine/Content/EngineMaterials/DefaultWhiteGrid.uexp" 482
"../../../Engine/Content/EngineFonts/RobotoDistanceField.uasset" 483
"../../../Engine/Content/EngineFonts/RobotoDistanceField.uexp" 484
"../../../Engine/Content/EngineMaterials/DefaultTextMaterialOpaque.uasset" 485
"../../../Engine/Content/EngineMaterials/DefaultTextMaterialOpaque.uexp" 486
"../../../Engine/Content/EngineMaterials/DefaultPostProcessMaterial.uasset" 487
"../../../Engine/Content/EngineMaterials/DefaultPostProcessMaterial.uexp" 488
"../../../Engine/Content/EngineMaterials/DefaultLightFunctionMaterial.uasset" 489
"../../../Engine/Content/EngineMaterials/DefaultLightFunctionMaterial.uexp" 490
"../../../Engine/Content/EngineMaterials/DefaultDeferredDecalMaterial.uasset" 491
"../../../Engine/Content/EngineMaterials/DefaultDeferredDecalMaterial.uexp" 492
"../../../Engine/Content/EngineMaterials/DefaultBokeh.uasset" 493
"../../../Engine/Content/EngineMaterials/DefaultBokeh.uexp" 494
"../../../Engine/Content/EngineMaterials/DefaultBloomKernel.uasset" 495
"../../../Engine/Content/EngineMaterials/DefaultBloomKernel.uexp" 496
"../../../Engine/Content/Functions/Engine_MaterialFunctions02/Utility/CameraDirectionVector.uasset" 497
"../../../Engine/Content/Functions/Engine_MaterialFunctions02/Utility/CameraDirectionVector.uexp" 498
"../../../Engine/Content/EngineDebugMaterials/VolumeToRender.uasset" 499
"../../../Engine/Content/EngineDebugMaterials/VolumeToRender.uexp" 500
"../../../Engine/Content/EngineDebugMaterials/M_VolumeRenderSphereTracePP.uasset" 501
"../../../Engine/Content/EngineDebugMaterials/M_VolumeRenderSphereTracePP.uexp" 502
"../../../Engine/Content/EngineDebugMaterials/M_SimpleUnlitTranslucent.uasset" 503
"../../../Engine/Content/EngineDebugMaterials/M_SimpleUnlitTranslucent.uexp" 504
"../../../Engine/Content/EngineDebugMaterials/DebugMeshMaterial.uasset" 505
"../../../Engine/Content/EngineDebugMaterials/DebugMeshMaterial.uexp" 506
"../../../Engine/Content/EngineDebugMaterials/DebugEditorMaterial.uasset" 507
"../../../Engine/Content/EngineDebugMaterials/DebugEditorMaterial.uexp" 508
"../../../Engine/Content/EngineDamageTypes/DmgTypeBP_Environmental.uasset" 509
"../../../Engine/Content/EngineDamageTypes/DmgTypeBP_Environmental.uexp" 510
"D:/RG/EOG/Content/BlenderModels/Nose.ubulk" 511
"D:/RG/EOG/Content/BlenderModels/Nose.uasset" 512
"D:/RG/EOG/Content/BlenderModels/Nose.uexp" 513
"../../../Engine/Plugins/Interchange/Assets/Content/Functions/MF_PhongToMetalRoughness.uasset" 514
"../../../Engine/Plugins/Interchange/Assets/Content/Functions/MF_PhongToMetalRoughness.uexp" 515
"D:/RG/EOG/Content/BlenderModels/Material_002.uasset" 516
"D:/RG/EOG/Content/BlenderModels/Material_002.uexp" 517
"D:/RG/EOG/Content/BlenderModels/Leg_R.ubulk" 518
"D:/RG/EOG/Content/BlenderModels/Leg_R.uasset" 519
"D:/RG/EOG/Content/BlenderModels/Leg_R.uexp" 520
"D:/RG/EOG/Content/BlenderModels/Material_001.uasset" 521
"D:/RG/EOG/Content/BlenderModels/Material_001.uexp" 522
"D:/RG/EOG/Content/BlenderModels/Leg_L.ubulk" 523
"D:/RG/EOG/Content/BlenderModels/Leg_L.uasset" 524
"D:/RG/EOG/Content/BlenderModels/Leg_L.uexp" 525
"D:/RG/EOG/Content/BlenderModels/Head.ubulk" 526
"D:/RG/EOG/Content/BlenderModels/Head.uasset" 527
"D:/RG/EOG/Content/BlenderModels/Head.uexp" 528
"D:/RG/EOG/Content/BlenderModels/Eye_R.ubulk" 529
"D:/RG/EOG/Content/BlenderModels/Eye_R.uasset" 530
"D:/RG/EOG/Content/BlenderModels/Eye_R.uexp" 531
"D:/RG/EOG/Content/BlenderModels/Eye_L.ubulk" 532
"D:/RG/EOG/Content/BlenderModels/Eye_L.uasset" 533
"D:/RG/EOG/Content/BlenderModels/Eye_L.uexp" 534
"D:/RG/EOG/Content/BlenderModels/Material_005.uasset" 535
"D:/RG/EOG/Content/BlenderModels/Material_005.uexp" 536
"D:/RG/EOG/Content/BlenderModels/Ear_R.ubulk" 537
"D:/RG/EOG/Content/BlenderModels/Ear_R.uasset" 538
"D:/RG/EOG/Content/BlenderModels/Ear_R.uexp" 539
"D:/RG/EOG/Content/BlenderModels/Material_006.uasset" 540
"D:/RG/EOG/Content/BlenderModels/Material_006.uexp" 541
"D:/RG/EOG/Content/BlenderModels/Ear_L.ubulk" 542
"D:/RG/EOG/Content/BlenderModels/Ear_L.uasset" 543
"D:/RG/EOG/Content/BlenderModels/Ear_L.uexp" 544
"D:/RG/EOG/Content/BlenderModels/Material.uasset" 545
"D:/RG/EOG/Content/BlenderModels/Material.uexp" 546
"D:/RG/EOG/Content/BlenderModels/Body.ubulk" 547
"D:/RG/EOG/Content/BlenderModels/Body.uasset" 548
"D:/RG/EOG/Content/BlenderModels/Body.uexp" 549
"D:/RG/EOG/Content/BlenderModels/Material_004.uasset" 550
"D:/RG/EOG/Content/BlenderModels/Material_004.uexp" 551
"D:/RG/EOG/Content/BlenderModels/Arm_R.ubulk" 552
"D:/RG/EOG/Content/BlenderModels/Arm_R.uasset" 553
"D:/RG/EOG/Content/BlenderModels/Arm_R.uexp" 554
"D:/RG/EOG/Content/BlenderModels/Material_003.uasset" 555
"D:/RG/EOG/Content/BlenderModels/Material_003.uexp" 556
"D:/RG/EOG/Content/BlenderModels/Arm_L.ubulk" 557
"D:/RG/EOG/Content/BlenderModels/Arm_L.uasset" 558
"D:/RG/EOG/Content/BlenderModels/Arm_L.uexp" 559
"D:/RG/EOG/Content/BlenderModels/Materials/BunnyBody.uasset" 560
"D:/RG/EOG/Content/BlenderModels/Materials/BunnyBody.uexp" 561
"D:/RG/EOG/Content/Actors/BP_Bunny.uasset" 562
"D:/RG/EOG/Content/Actors/BP_Bunny.uexp" 563
"../../../Engine/Plugins/VirtualProduction/CameraCalibrationCore/Content/Materials/M_DefaultOddSquare.uasset" 564
"../../../Engine/Plugins/VirtualProduction/CameraCalibrationCore/Content/Materials/M_DefaultOddSquare.uexp" 565
"../../../Engine/Plugins/VirtualProduction/CameraCalibrationCore/Content/Materials/M_DefaultEvenSquare.uasset" 566
"../../../Engine/Plugins/VirtualProduction/CameraCalibrationCore/Content/Materials/M_DefaultEvenSquare.uexp" 567
"../../../Engine/Plugins/Runtime/HairStrands/Content/Materials/HairMeshesDefaultMaterial.uasset" 568
"../../../Engine/Plugins/Runtime/HairStrands/Content/Materials/HairMeshesDefaultMaterial.uexp" 569
"../../../Engine/Plugins/Runtime/HairStrands/Content/Materials/HairDefaultMaterial.uasset" 570
"../../../Engine/Plugins/Runtime/HairStrands/Content/Materials/HairDefaultMaterial.uexp" 571
"../../../Engine/Content/Functions/Engine_MaterialFunctions02/Utility/MakeFloat2.uasset" 572
"../../../Engine/Content/Functions/Engine_MaterialFunctions02/Utility/MakeFloat2.uexp" 573
"../../../Engine/Content/Functions/Engine_MaterialFunctions02/Utility/MakeFloat3.uasset" 574
"../../../Engine/Content/Functions/Engine_MaterialFunctions02/Utility/MakeFloat3.uexp" 575
"../../../Engine/Content/EngineMaterials/HairDebugColor.uasset" 576
"../../../Engine/Content/EngineMaterials/HairDebugColor.uexp" 577
"../../../Engine/Content/EngineMaterials/HairColorMap.uasset" 578
"../../../Engine/Content/EngineMaterials/HairColorMap.uexp" 579
"../../../Engine/Plugins/Runtime/HairStrands/Content/Materials/HairGroupColors.uasset" 580
"../../../Engine/Plugins/Runtime/HairStrands/Content/Materials/HairGroupColors.uexp" 581
"../../../Engine/Plugins/Runtime/HairStrands/Content/Materials/HairDebugMaterial.uasset" 582
"../../../Engine/Plugins/Runtime/HairStrands/Content/Materials/HairDebugMaterial.uexp" 583
"../../../Engine/Plugins/Runtime/HairStrands/Content/Materials/HairCardsDefaultMaterial.uasset" 584
"../../../Engine/Plugins/Runtime/HairStrands/Content/Materials/HairCardsDefaultMaterial.uexp" 585
"../../../Engine/Plugins/Runtime/AudioWidgets/Content/Resources/ScrubHandleDown_Clamped.uasset" 586
"../../../Engine/Plugins/Runtime/AudioWidgets/Content/Resources/ScrubHandleDown_Clamped.uexp" 587
"../../../Engine/Plugins/Interchange/Assets/Content/Functions/MX_UsdPreviewSurface.uasset" 588
"../../../Engine/Plugins/Interchange/Assets/Content/Functions/MX_UsdPreviewSurface.uexp" 589
"../../../Engine/Plugins/Interchange/Assets/Content/Functions/MX_UniformEDF.uasset" 590
"../../../Engine/Plugins/Interchange/Assets/Content/Functions/MX_UniformEDF.uexp" 591
"../../../Engine/Plugins/Interchange/Assets/Content/Functions/MX_TranslucentBSDF.uasset" 592
"../../../Engine/Plugins/Interchange/Assets/Content/Functions/MX_TranslucentBSDF.uexp" 593
"../../../Engine/Plugins/Interchange/Assets/Content/Functions/MX_ThinFilmBSDF.uasset" 594
"../../../Engine/Plugins/Interchange/Assets/Content/Functions/MX_ThinFilmBSDF.uexp" 595
"../../../Engine/Plugins/Interchange/Assets/Content/Functions/MX_SurfaceUnlit.uasset" 596
"../../../Engine/Plugins/Interchange/Assets/Content/Functions/MX_SurfaceUnlit.uexp" 597
"../../../Engine/Plugins/Interchange/Assets/Content/Functions/MX_Surface.uasset" 598
"../../../Engine/Plugins/Interchange/Assets/Content/Functions/MX_Surface.uexp" 599
"../../../Engine/Plugins/Interchange/Assets/Content/Functions/MX_SubsurfaceBSDF.uasset" 600
"../../../Engine/Plugins/Interchange/Assets/Content/Functions/MX_SubsurfaceBSDF.uexp" 601
"../../../Engine/Plugins/Interchange/Assets/Content/Functions/MX_SheenBSDF.uasset" 602
"../../../Engine/Plugins/Interchange/Assets/Content/Functions/MX_SheenBSDF.uexp" 603
"../../../Engine/Plugins/Interchange/Assets/Content/Functions/MX_OrenNayarBSDF.uasset" 604
"../../../Engine/Plugins/Interchange/Assets/Content/Functions/MX_OrenNayarBSDF.uexp" 605
"../../../Engine/Plugins/Interchange/Assets/Content/Functions/MF_IridescenceNoLUT.uasset" 606
"../../../Engine/Plugins/Interchange/Assets/Content/Functions/MF_IridescenceNoLUT.uexp" 607
"../../../Engine/Plugins/Interchange/Assets/Content/Functions/MX_StandardSurface.uasset" 608
"../../../Engine/Plugins/Interchange/Assets/Content/Functions/MX_StandardSurface.uexp" 609
"../../../Engine/Plugins/Interchange/Assets/Content/Functions/MX_TransmissionSurface.uasset" 610
"../../../Engine/Plugins/Interchange/Assets/Content/Functions/MX_TransmissionSurface.uexp" 611
"../../../Engine/Plugins/Interchange/Assets/Content/Functions/MX_OpenPBR_Translucent.uasset" 612
"../../../Engine/Plugins/Interchange/Assets/Content/Functions/MX_OpenPBR_Translucent.uexp" 613
"../../../Engine/Plugins/Interchange/Assets/Content/Functions/MX_OpenPBR_Opaque.uasset" 614
"../../../Engine/Plugins/Interchange/Assets/Content/Functions/MX_OpenPBR_Opaque.uexp" 615
"../../../Engine/Plugins/Interchange/Assets/Content/Functions/MX_MeasuredEDF.uasset" 616
"../../../Engine/Plugins/Interchange/Assets/Content/Functions/MX_MeasuredEDF.uexp" 617
"../../../Engine/Plugins/Interchange/Assets/Content/Functions/MX_GeneralizedSchlickBSDF.uasset" 618
"../../../Engine/Plugins/Interchange/Assets/Content/Functions/MX_GeneralizedSchlickBSDF.uexp" 619
"../../../Engine/Plugins/Interchange/Assets/Content/Functions/MX_Displacement.uasset" 620
"../../../Engine/Plugins/Interchange/Assets/Content/Functions/MX_Displacement.uexp" 621
"../../../Engine/Plugins/Interchange/Assets/Content/Functions/MX_DielectricBSDF.uasset" 622
"../../../Engine/Plugins/Interchange/Assets/Content/Functions/MX_DielectricBSDF.uexp" 623
"../../../Engine/Plugins/Interchange/Assets/Content/Functions/MX_ConicalEDF.uasset" 624
"../../../Engine/Plugins/Interchange/Assets/Content/Functions/MX_ConicalEDF.uexp" 625
"../../../Engine/Plugins/Interchange/Assets/Content/Functions/MX_ConductorBSDF.uasset" 626
"../../../Engine/Plugins/Interchange/Assets/Content/Functions/MX_ConductorBSDF.uexp" 627
"../../../Engine/Plugins/Interchange/Assets/Content/Functions/MX_BurleyDiffuseBSDF.uasset" 628
"../../../Engine/Plugins/Interchange/Assets/Content/Functions/MX_BurleyDiffuseBSDF.uexp" 629
"../../../Engine/Plugins/Interchange/Assets/Content/Functions/MX_AnisotropicVDF.uasset" 630
"../../../Engine/Plugins/Interchange/Assets/Content/Functions/MX_AnisotropicVDF.uexp" 631
"../../../Engine/Plugins/Interchange/Assets/Content/Functions/MX_AbsorptionVDF.uasset" 632
"../../../Engine/Plugins/Interchange/Assets/Content/Functions/MX_AbsorptionVDF.uexp" 633
"../../../Engine/Content/EngineMaterials/LTC/Sheen_LTC.uasset" 634
"../../../Engine/Content/EngineMaterials/LTC/Sheen_LTC.uexp" 635
"../../../Engine/Content/EngineMaterials/LTC/GGX_LTCMat.uasset" 636
"../../../Engine/Content/EngineMaterials/LTC/GGX_LTCMat.uexp" 637
"../../../Engine/Content/EngineMaterials/LTC/GGX_LTCAmp.uasset" 638
"../../../Engine/Content/EngineMaterials/LTC/GGX_LTCAmp.uexp" 639
"../../../Engine/Content/EngineMaterials/EnergyConservation/Sheen_Energy.uasset" 640
"../../../Engine/Content/EngineMaterials/EnergyConservation/Sheen_Energy.uexp" 641
"../../../Engine/Content/EngineMaterials/EnergyConservation/SheenLegacy_Energy.uasset" 642
"../../../Engine/Content/EngineMaterials/EnergyConservation/SheenLegacy_Energy.uexp" 643
"../../../Engine/Content/EngineMaterials/EnergyConservation/GGX_TransmissionEnergyArray.uasset" 644
"../../../Engine/Content/EngineMaterials/EnergyConservation/GGX_TransmissionEnergyArray.uexp" 645
"../../../Engine/Content/EngineMaterials/EnergyConservation/GGX_ReflectionEnergy.uasset" 646
"../../../Engine/Content/EngineMaterials/EnergyConservation/GGX_ReflectionEnergy.uexp" 647
"../../../Engine/Content/EngineMaterials/EnergyConservation/Diffuse_Energy.uasset" 648
"../../../Engine/Content/EngineMaterials/EnergyConservation/Diffuse_Energy.uexp" 649
"../../../Engine/Content/EditorResources/SequenceRecorder/RecordingIndicator.uasset" 650
"../../../Engine/Content/EditorResources/SequenceRecorder/RecordingIndicator.uexp" 651
"../../../Engine/Content/EditorResources/SequenceRecorder/Countdown.uasset" 652
"../../../Engine/Content/EditorResources/SequenceRecorder/Countdown.uexp" 653
"../../../Engine/Content/EditorMaterials/Camera/CineMat.uasset" 654
"../../../Engine/Content/EditorMaterials/Camera/CineMat.uexp" 655
"../../../Engine/Content/EditorMaterials/Camera/MI_CineMat_Rig.uasset" 656
"../../../Engine/Content/EditorMaterials/Camera/MI_CineMat_Rig.uexp" 657
"../../../Engine/Content/EditorMeshes/Camera/SM_RailRig_Track.ubulk" 658
"../../../Engine/Content/EditorMeshes/Camera/SM_RailRig_Track.uasset" 659
"../../../Engine/Content/EditorMeshes/Camera/SM_RailRig_Track.uexp" 660
"../../../Engine/Content/EditorMeshes/Camera/SM_RailRig_Mount.ubulk" 661
"../../../Engine/Content/EditorMeshes/Camera/SM_RailRig_Mount.uasset" 662
"../../../Engine/Content/EditorMeshes/Camera/SM_RailRig_Mount.uexp" 663
"../../../Engine/Content/EditorMeshes/Camera/SM_CraneRig_Mount.ubulk" 664
"../../../Engine/Content/EditorMeshes/Camera/SM_CraneRig_Mount.uasset" 665
"../../../Engine/Content/EditorMeshes/Camera/SM_CraneRig_Mount.uexp" 666
"../../../Engine/Content/EditorMeshes/Camera/SM_CraneRig_Body.ubulk" 667
"../../../Engine/Content/EditorMeshes/Camera/SM_CraneRig_Body.uasset" 668
"../../../Engine/Content/EditorMeshes/Camera/SM_CraneRig_Body.uexp" 669
"../../../Engine/Content/EditorMeshes/Camera/SM_CraneRig_Base.ubulk" 670
"../../../Engine/Content/EditorMeshes/Camera/SM_CraneRig_Base.uasset" 671
"../../../Engine/Content/EditorMeshes/Camera/SM_CraneRig_Base.uexp" 672
"../../../Engine/Content/EditorMeshes/Camera/SM_CraneRig_Arm.ubulk" 673
"../../../Engine/Content/EditorMeshes/Camera/SM_CraneRig_Arm.uasset" 674
"../../../Engine/Content/EditorMeshes/Camera/SM_CraneRig_Arm.uexp" 675
"../../../Engine/Content/EditorMaterials/ParticleSystems/PSysThumbnail_OOD.ubulk" 676
"../../../Engine/Content/EditorMaterials/ParticleSystems/PSysThumbnail_OOD.uasset" 677
"../../../Engine/Content/EditorMaterials/ParticleSystems/PSysThumbnail_OOD.uexp" 678
"../../../Engine/Content/EditorMaterials/ParticleSystems/PSysThumbnail_NoImage.ubulk" 679
"../../../Engine/Content/EditorMaterials/ParticleSystems/PSysThumbnail_NoImage.uasset" 680
"../../../Engine/Content/EditorMaterials/ParticleSystems/PSysThumbnail_NoImage.uexp" 681
"../../../Engine/Content/EditorMaterials/Dataflow/DataflowVertexMaterial.uasset" 682
"../../../Engine/Content/EditorMaterials/Dataflow/DataflowVertexMaterial.uexp" 683
"../../../Engine/Content/EditorMaterials/Dataflow/DataflowTwoSidedVertexMaterial.uasset" 684
"../../../Engine/Content/EditorMaterials/Dataflow/DataflowTwoSidedVertexMaterial.uexp" 685
"../../../Engine/Content/VREditor/TransformGizmo/Xray.uasset" 686
"../../../Engine/Content/VREditor/TransformGizmo/Xray.uexp" 687
"../../../Engine/Content/VREditor/TransformGizmo/Main.uasset" 688
"../../../Engine/Content/VREditor/TransformGizmo/Main.uexp" 689
"../../../Engine/Content/VREditor/TransformGizmo/SM_Sequencer_Node.ubulk" 690
"../../../Engine/Content/VREditor/TransformGizmo/SM_Sequencer_Node.uasset" 691
"../../../Engine/Content/VREditor/TransformGizmo/SM_Sequencer_Node.uexp" 692
"../../../Engine/Content/VREditor/TransformGizmo/TranslucentTransformGizmoMaterial.uasset" 693
"../../../Engine/Content/VREditor/TransformGizmo/TranslucentTransformGizmoMaterial.uexp" 694
"../../../Engine/Content/VREditor/LaserPointer/VR_LaserPower_01.ubulk" 695
"../../../Engine/Content/VREditor/LaserPointer/VR_LaserPower_01.uasset" 696
"../../../Engine/Content/VREditor/LaserPointer/VR_LaserPower_01.uexp" 697
"../../../Engine/Content/VREditor/TransformGizmo/TransformGizmoMaterial.uasset" 698
"../../../Engine/Content/VREditor/TransformGizmo/TransformGizmoMaterial.uexp" 699
"../../../Engine/Content/VREditor/TransformGizmo/BoundingBoxEdge.ubulk" 700
"../../../Engine/Content/VREditor/TransformGizmo/BoundingBoxEdge.uasset" 701
"../../../Engine/Content/VREditor/TransformGizmo/BoundingBoxEdge.uexp" 702
"../../../Engine/Content/VREditor/TransformGizmo/BoundingBoxCorner.ubulk" 703
"../../../Engine/Content/VREditor/TransformGizmo/BoundingBoxCorner.uasset" 704
"../../../Engine/Content/VREditor/TransformGizmo/BoundingBoxCorner.uexp" 705
"../../../Engine/Content/EngineResources/FilmGrains/Marcie_Grain_v3_128_M2_000.uasset" 706
"../../../Engine/Content/EngineResources/FilmGrains/Marcie_Grain_v3_128_M2_000.uexp" 707
"../../../Engine/Content/EngineResources/Development/ZenLogo_64.uasset" 708
"../../../Engine/Content/EngineResources/Development/ZenLogo_64.uexp" 709
"../../../Engine/Content/Functions/Engine_MaterialFunctions01/Gradient/LinearGradient.uasset" 710
"../../../Engine/Content/Functions/Engine_MaterialFunctions01/Gradient/LinearGradient.uexp" 711
"../../../Engine/Content/Functions/Engine_MaterialFunctions01/ImageAdjustment/CheapContrast.uasset" 712
"../../../Engine/Content/Functions/Engine_MaterialFunctions01/ImageAdjustment/CheapContrast.uexp" 713
"D:/RG/EOG/Content/LevelPrototyping/Textures/T_GridChecker_A.ubulk" 714
"D:/RG/EOG/Content/LevelPrototyping/Textures/T_GridChecker_A.uasset" 715
"D:/RG/EOG/Content/LevelPrototyping/Textures/T_GridChecker_A.uexp" 716
"D:/RG/EOG/Content/LevelPrototyping/Materials/MF_ProcGrid.uasset" 717
"D:/RG/EOG/Content/LevelPrototyping/Materials/MF_ProcGrid.uexp" 718
"D:/RG/EOG/Content/LevelPrototyping/Materials/M_PrototypeGrid.uasset" 719
"D:/RG/EOG/Content/LevelPrototyping/Materials/M_PrototypeGrid.uexp" 720
"D:/RG/EOG/Content/LevelPrototyping/Materials/MI_PrototypeGrid_Gray.uasset" 721
"D:/RG/EOG/Content/LevelPrototyping/Materials/MI_PrototypeGrid_Gray.uexp" 722
"D:/RG/EOG/Content/LevelPrototyping/Meshes/SM_Ramp.ubulk" 723
"D:/RG/EOG/Content/LevelPrototyping/Meshes/SM_Ramp.uasset" 724
"D:/RG/EOG/Content/LevelPrototyping/Meshes/SM_Ramp.uexp" 725
"D:/RG/EOG/Content/LevelPrototyping/Meshes/SM_QuarterCylinder.ubulk" 726
"D:/RG/EOG/Content/LevelPrototyping/Meshes/SM_QuarterCylinder.uasset" 727
"D:/RG/EOG/Content/LevelPrototyping/Meshes/SM_QuarterCylinder.uexp" 728
"D:/RG/EOG/Content/LevelPrototyping/Meshes/SM_Cylinder.ubulk" 729
"D:/RG/EOG/Content/LevelPrototyping/Meshes/SM_Cylinder.uasset" 730
"D:/RG/EOG/Content/LevelPrototyping/Meshes/SM_Cylinder.uexp" 731
"D:/RG/EOG/Content/LevelPrototyping/Meshes/SM_Cube.ubulk" 732
"D:/RG/EOG/Content/LevelPrototyping/Meshes/SM_Cube.uasset" 733
"D:/RG/EOG/Content/LevelPrototyping/Meshes/SM_Cube.uexp" 734
"../../../Engine/Content/ArtTools/RenderToTexture/Meshes/S_1_Unit_Plane.ubulk" 735
"../../../Engine/Content/ArtTools/RenderToTexture/Meshes/S_1_Unit_Plane.uasset" 736
"../../../Engine/Content/ArtTools/RenderToTexture/Meshes/S_1_Unit_Plane.uexp" 737
"../../../Engine/Content/EngineMaterials/Substrate/Glints2/AGlintTex2dArray2.uasset" 738
"../../../Engine/Content/EngineMaterials/Substrate/Glints2/AGlintTex2dArray2.uexp" 739
"../../../Engine/Content/EngineMaterials/Substrate/GLints/AGlintTex2dArray.uasset" 740
"../../../Engine/Content/EngineMaterials/Substrate/GLints/AGlintTex2dArray.uexp" 741
"../../../Engine/Content/Functions/Engine_MaterialFunctions01/Shading/PowerToRoughness.uasset" 742
"../../../Engine/Content/Functions/Engine_MaterialFunctions01/Shading/PowerToRoughness.uexp" 743
"../../../Engine/Content/Functions/Engine_MaterialFunctions01/Shading/ConvertFromDiffSpec.uasset" 744
"../../../Engine/Content/Functions/Engine_MaterialFunctions01/Shading/ConvertFromDiffSpec.uexp" 745
"../../../Engine/Content/EngineResources/DefaultTextureCube.uasset" 746
"../../../Engine/Content/EngineResources/DefaultTextureCube.uexp" 747
"../../../Engine/Content/EngineMaterials/Substrate/Volume/SubstrateSimpleVolumeEnvLUT3D.uasset" 748
"../../../Engine/Content/EngineMaterials/Substrate/Volume/SubstrateSimpleVolumeEnvLUT3D.uexp" 749
"../../../Engine/Content/EngineMaterials/Substrate/Volume/SubstrateSimpleVolumeLUT3D.uasset" 750
"../../../Engine/Content/EngineMaterials/Substrate/Volume/SubstrateSimpleVolumeLUT3D.uexp" 751
"../../../Engine/Content/Functions/Engine_MaterialFunctions02/Math/Transform3x3Matrix.uasset" 752
"../../../Engine/Content/Functions/Engine_MaterialFunctions02/Math/Transform3x3Matrix.uexp" 753
"../../../Engine/Content/Functions/Engine_MaterialFunctions01/Texturing/FlattenNormal.uasset" 754
"../../../Engine/Content/Functions/Engine_MaterialFunctions01/Texturing/FlattenNormal.uexp" 755
"../../../Engine/Plugins/Interchange/Assets/Content/Utilities/New_LUT.uasset" 756
"../../../Engine/Plugins/Interchange/Assets/Content/Utilities/New_LUT.uexp" 757
"../../../Engine/Content/Functions/Engine_MaterialFunctions03/Math/RemapValueRange.uasset" 758
"../../../Engine/Content/Functions/Engine_MaterialFunctions03/Math/RemapValueRange.uexp" 759
"../../../Engine/Plugins/Interchange/Assets/Content/Functions/MF_Iridescence.uasset" 760
"../../../Engine/Plugins/Interchange/Assets/Content/Functions/MF_Iridescence.uexp" 761
"../../../Engine/Plugins/Interchange/Assets/Content/gltf/Textures/T_White_srgb.uasset" 762
"../../../Engine/Plugins/Interchange/Assets/Content/gltf/Textures/T_White_srgb.uexp" 763
"../../../Engine/Plugins/Interchange/Assets/Content/gltf/MaterialFunctions/MF_BaseColor.uasset" 764
"../../../Engine/Plugins/Interchange/Assets/Content/gltf/MaterialFunctions/MF_BaseColor.uexp" 765
"../../../Engine/Plugins/Interchange/Assets/Content/gltf/MaterialFunctions/MF_RotateV2.uasset" 766
"../../../Engine/Plugins/Interchange/Assets/Content/gltf/MaterialFunctions/MF_RotateV2.uexp" 767
"../../../Engine/Plugins/Interchange/Assets/Content/gltf/MaterialFunctions/MF_TransformUVs.uasset" 768
"../../../Engine/Plugins/Interchange/Assets/Content/gltf/MaterialFunctions/MF_TransformUVs.uexp" 769
"../../../Engine/Plugins/Interchange/Assets/Content/gltf/MaterialFunctions/MF_IOR.uasset" 770
"../../../Engine/Plugins/Interchange/Assets/Content/gltf/MaterialFunctions/MF_IOR.uexp" 771
"../../../Engine/Plugins/Interchange/Assets/Content/gltf/MaterialFunctions/MF_Iridescence.uasset" 772
"../../../Engine/Plugins/Interchange/Assets/Content/gltf/MaterialFunctions/MF_Iridescence.uexp" 773
"../../../Engine/Plugins/Interchange/Assets/Content/gltf/Textures/T_White_Linear.uasset" 774
"../../../Engine/Plugins/Interchange/Assets/Content/gltf/Textures/T_White_Linear.uexp" 775
"../../../Engine/Plugins/Interchange/Assets/Content/gltf/MaterialFunctions/MF_MetallicRoughness.uasset" 776
"../../../Engine/Plugins/Interchange/Assets/Content/gltf/MaterialFunctions/MF_MetallicRoughness.uexp" 777
"../../../Engine/Plugins/Interchange/Assets/Content/gltf/MaterialFunctions/MF_RotateNormals_TS.uasset" 778
"../../../Engine/Plugins/Interchange/Assets/Content/gltf/MaterialFunctions/MF_RotateNormals_TS.uexp" 779
"../../../Engine/Plugins/Interchange/Assets/Content/gltf/MaterialFunctions/MF_ScaleNormal.uasset" 780
"../../../Engine/Plugins/Interchange/Assets/Content/gltf/MaterialFunctions/MF_ScaleNormal.uexp" 781
"../../../Engine/Plugins/Interchange/Assets/Content/gltf/Textures/T_Generic_N.uasset" 782
"../../../Engine/Plugins/Interchange/Assets/Content/gltf/Textures/T_Generic_N.uexp" 783
"../../../Engine/Plugins/Interchange/Assets/Content/gltf/MaterialFunctions/MF_Normals.uasset" 784
"../../../Engine/Plugins/Interchange/Assets/Content/gltf/MaterialFunctions/MF_Normals.uexp" 785
"../../../Engine/Plugins/Interchange/Assets/Content/gltf/MaterialFunctions/MF_Occlusion.uasset" 786
"../../../Engine/Plugins/Interchange/Assets/Content/gltf/MaterialFunctions/MF_Occlusion.uexp" 787
"../../../Engine/Plugins/Interchange/Assets/Content/gltf/MaterialFunctions/MF_Specular.uasset" 788
"../../../Engine/Plugins/Interchange/Assets/Content/gltf/MaterialFunctions/MF_Specular.uexp" 789
"../../../Engine/Plugins/Interchange/Assets/Content/gltf/Textures/T_Anisotropy_Direction_Linear.uasset" 790
"../../../Engine/Plugins/Interchange/Assets/Content/gltf/Textures/T_Anisotropy_Direction_Linear.uexp" 791
"../../../Engine/Plugins/Interchange/Assets/Content/gltf/MaterialFunctions/MF_SpecularAnisotropy.uasset" 792
"../../../Engine/Plugins/Interchange/Assets/Content/gltf/MaterialFunctions/MF_SpecularAnisotropy.uexp" 793
"../../../Engine/Plugins/Interchange/Assets/Content/gltf/MaterialFunctions/MF_Emissive.uasset" 794
"../../../Engine/Plugins/Interchange/Assets/Content/gltf/MaterialFunctions/MF_Emissive.uexp" 795
"../../../Engine/Plugins/Interchange/Assets/Content/gltf/MaterialFunctions/MF_Clearcoat.uasset" 796
"../../../Engine/Plugins/Interchange/Assets/Content/gltf/MaterialFunctions/MF_Clearcoat.uexp" 797
"../../../Engine/Plugins/Interchange/Assets/Content/gltf/MaterialBodies/MF_ClearCoat_Body.uasset" 798
"../../../Engine/Plugins/Interchange/Assets/Content/gltf/MaterialBodies/MF_ClearCoat_Body.uexp" 799
"../../../Engine/Plugins/Interchange/Assets/Content/gltf/M_ClearCoat.uasset" 800
"../../../Engine/Plugins/Interchange/Assets/Content/gltf/M_ClearCoat.uexp" 801
"../../../Engine/Plugins/Interchange/Assets/Content/gltf/MaterialInstances/MI_ClearCoat_Blend.uasset" 802
"../../../Engine/Plugins/Interchange/Assets/Content/gltf/MaterialInstances/MI_ClearCoat_Blend.uexp" 803
"../../../Engine/Plugins/Interchange/Assets/Content/gltf/MaterialInstances/MI_ClearCoat_Blend_DS.uasset" 804
"../../../Engine/Plugins/Interchange/Assets/Content/gltf/MaterialInstances/MI_ClearCoat_Blend_DS.uexp" 805
"../../../Engine/Plugins/Interchange/Assets/Content/gltf/MaterialInstances/MI_ClearCoat_Mask.uasset" 806
"../../../Engine/Plugins/Interchange/Assets/Content/gltf/MaterialInstances/MI_ClearCoat_Mask.uexp" 807
"../../../Engine/Plugins/Interchange/Assets/Content/gltf/MaterialInstances/MI_ClearCoat_Mask_DS.uasset" 808
"../../../Engine/Plugins/Interchange/Assets/Content/gltf/MaterialInstances/MI_ClearCoat_Mask_DS.uexp" 809
"../../../Engine/Plugins/Interchange/Assets/Content/gltf/MaterialInstances/MI_ClearCoat_Opaque.uasset" 810
"../../../Engine/Plugins/Interchange/Assets/Content/gltf/MaterialInstances/MI_ClearCoat_Opaque.uexp" 811
"../../../Engine/Plugins/Interchange/Assets/Content/gltf/MaterialInstances/MI_ClearCoat_Opaque_DS.uasset" 812
"../../../Engine/Plugins/Interchange/Assets/Content/gltf/MaterialInstances/MI_ClearCoat_Opaque_DS.uexp" 813
"../../../Engine/Plugins/Interchange/Assets/Content/gltf/MaterialBodies/MF_Default_Body.uasset" 814
"../../../Engine/Plugins/Interchange/Assets/Content/gltf/MaterialBodies/MF_Default_Body.uexp" 815
"../../../Engine/Plugins/Interchange/Assets/Content/gltf/M_Default.uasset" 816
"../../../Engine/Plugins/Interchange/Assets/Content/gltf/M_Default.uexp" 817
"../../../Engine/Plugins/Interchange/Assets/Content/gltf/MaterialInstances/MI_Default_Blend.uasset" 818
"../../../Engine/Plugins/Interchange/Assets/Content/gltf/MaterialInstances/MI_Default_Blend.uexp" 819
"../../../Engine/Plugins/Interchange/Assets/Content/gltf/MaterialInstances/MI_Default_Blend_DS.uasset" 820
"../../../Engine/Plugins/Interchange/Assets/Content/gltf/MaterialInstances/MI_Default_Blend_DS.uexp" 821
"../../../Engine/Plugins/Interchange/Assets/Content/gltf/MaterialInstances/MI_Default_Mask.uasset" 822
"../../../Engine/Plugins/Interchange/Assets/Content/gltf/MaterialInstances/MI_Default_Mask.uexp" 823
"../../../Engine/Plugins/Interchange/Assets/Content/gltf/MaterialInstances/MI_Default_Mask_DS.uasset" 824
"../../../Engine/Plugins/Interchange/Assets/Content/gltf/MaterialInstances/MI_Default_Mask_DS.uexp" 825
"../../../Engine/Plugins/Interchange/Assets/Content/gltf/MaterialInstances/MI_Default_Opaque.uasset" 826
"../../../Engine/Plugins/Interchange/Assets/Content/gltf/MaterialInstances/MI_Default_Opaque.uexp" 827
"../../../Engine/Plugins/Interchange/Assets/Content/gltf/MaterialInstances/MI_Default_Opaque_DS.uasset" 828
"../../../Engine/Plugins/Interchange/Assets/Content/gltf/MaterialInstances/MI_Default_Opaque_DS.uexp" 829
"../../../Engine/Plugins/Interchange/Assets/Content/gltf/MaterialFunctions/MF_Sheen.uasset" 830
"../../../Engine/Plugins/Interchange/Assets/Content/gltf/MaterialFunctions/MF_Sheen.uexp" 831
"../../../Engine/Plugins/Interchange/Assets/Content/gltf/MaterialBodies/MF_Sheen_Body.uasset" 832
"../../../Engine/Plugins/Interchange/Assets/Content/gltf/MaterialBodies/MF_Sheen_Body.uexp" 833
"../../../Engine/Plugins/Interchange/Assets/Content/gltf/M_Sheen.uasset" 834
"../../../Engine/Plugins/Interchange/Assets/Content/gltf/M_Sheen.uexp" 835
"../../../Engine/Plugins/Interchange/Assets/Content/gltf/MaterialInstances/MI_Sheen_Blend.uasset" 836
"../../../Engine/Plugins/Interchange/Assets/Content/gltf/MaterialInstances/MI_Sheen_Blend.uexp" 837
"../../../Engine/Plugins/Interchange/Assets/Content/gltf/MaterialInstances/MI_Sheen_Blend_DS.uasset" 838
"../../../Engine/Plugins/Interchange/Assets/Content/gltf/MaterialInstances/MI_Sheen_Blend_DS.uexp" 839
"../../../Engine/Plugins/Interchange/Assets/Content/gltf/MaterialInstances/MI_Sheen_Mask.uasset" 840
"../../../Engine/Plugins/Interchange/Assets/Content/gltf/MaterialInstances/MI_Sheen_Mask.uexp" 841
"../../../Engine/Plugins/Interchange/Assets/Content/gltf/MaterialInstances/MI_Sheen_Mask_DS.uasset" 842
"../../../Engine/Plugins/Interchange/Assets/Content/gltf/MaterialInstances/MI_Sheen_Mask_DS.uexp" 843
"../../../Engine/Plugins/Interchange/Assets/Content/gltf/MaterialInstances/MI_Sheen_Opaque.uasset" 844
"../../../Engine/Plugins/Interchange/Assets/Content/gltf/MaterialInstances/MI_Sheen_Opaque.uexp" 845
"../../../Engine/Plugins/Interchange/Assets/Content/gltf/MaterialInstances/MI_Sheen_Opaque_DS.uasset" 846
"../../../Engine/Plugins/Interchange/Assets/Content/gltf/MaterialInstances/MI_Sheen_Opaque_DS.uexp" 847
"../../../Engine/Content/Functions/Engine_MaterialFunctions02/Math/AddComponents.uasset" 848
"../../../Engine/Content/Functions/Engine_MaterialFunctions02/Math/AddComponents.uexp" 849
"../../../Engine/Plugins/Interchange/Assets/Content/gltf/MaterialFunctions/MF_DiffuseSpecGloss.uasset" 850
"../../../Engine/Plugins/Interchange/Assets/Content/gltf/MaterialFunctions/MF_DiffuseSpecGloss.uexp" 851
"../../../Engine/Plugins/Interchange/Assets/Content/gltf/MaterialFunctions/MF_MaxComponentValue.uasset" 852
"../../../Engine/Plugins/Interchange/Assets/Content/gltf/MaterialFunctions/MF_MaxComponentValue.uexp" 853
"../../../Engine/Plugins/Interchange/Assets/Content/gltf/MaterialFunctions/MF_PerceivedBrightness.uasset" 854
"../../../Engine/Plugins/Interchange/Assets/Content/gltf/MaterialFunctions/MF_PerceivedBrightness.uexp" 855
"../../../Engine/Plugins/Interchange/Assets/Content/gltf/MaterialFunctions/MF_SpecGlossToMetalRoughness.uasset" 856
"../../../Engine/Plugins/Interchange/Assets/Content/gltf/MaterialFunctions/MF_SpecGlossToMetalRoughness.uexp" 857
"../../../Engine/Plugins/Interchange/Assets/Content/gltf/MaterialBodies/MF_SpecularGlossiness_Body.uasset" 858
"../../../Engine/Plugins/Interchange/Assets/Content/gltf/MaterialBodies/MF_SpecularGlossiness_Body.uexp" 859
"../../../Engine/Plugins/Interchange/Assets/Content/gltf/M_SpecularGlossiness.uasset" 860
"../../../Engine/Plugins/Interchange/Assets/Content/gltf/M_SpecularGlossiness.uexp" 861
"../../../Engine/Plugins/Interchange/Assets/Content/gltf/MaterialInstances/MI_SpecularGlossiness_Blend.uasset" 862
"../../../Engine/Plugins/Interchange/Assets/Content/gltf/MaterialInstances/MI_SpecularGlossiness_Blend.uexp" 863
"../../../Engine/Plugins/Interchange/Assets/Content/gltf/MaterialInstances/MI_SpecularGlossiness_Blend_DS.uasset" 864
"../../../Engine/Plugins/Interchange/Assets/Content/gltf/MaterialInstances/MI_SpecularGlossiness_Blend_DS.uexp" 865
"../../../Engine/Plugins/Interchange/Assets/Content/gltf/MaterialInstances/MI_SpecularGlossiness_Mask.uasset" 866
"../../../Engine/Plugins/Interchange/Assets/Content/gltf/MaterialInstances/MI_SpecularGlossiness_Mask.uexp" 867
"../../../Engine/Plugins/Interchange/Assets/Content/gltf/MaterialInstances/MI_SpecularGlossiness_Mask_DS.uasset" 868
"../../../Engine/Plugins/Interchange/Assets/Content/gltf/MaterialInstances/MI_SpecularGlossiness_Mask_DS.uexp" 869
"../../../Engine/Plugins/Interchange/Assets/Content/gltf/MaterialInstances/MI_SpecularGlossiness_Opaque.uasset" 870
"../../../Engine/Plugins/Interchange/Assets/Content/gltf/MaterialInstances/MI_SpecularGlossiness_Opaque.uexp" 871
"../../../Engine/Plugins/Interchange/Assets/Content/gltf/MaterialInstances/MI_SpecularGlossiness_Opaque_DS.uasset" 872
"../../../Engine/Plugins/Interchange/Assets/Content/gltf/MaterialInstances/MI_SpecularGlossiness_Opaque_DS.uexp" 873
"../../../Engine/Content/EngineMaterials/Good64x64TilingNoiseHighFreq.uasset" 874
"../../../Engine/Content/EngineMaterials/Good64x64TilingNoiseHighFreq.uexp" 875
"../../../Engine/Content/Functions/Engine_MaterialFunctions02/Texturing/ScreenAlignedPixelToPixelUVs.uasset" 876
"../../../Engine/Content/Functions/Engine_MaterialFunctions02/Texturing/ScreenAlignedPixelToPixelUVs.uexp" 877
"../../../Engine/Plugins/Interchange/Assets/Content/gltf/MaterialFunctions/MF_Fresnel_DS.uasset" 878
"../../../Engine/Plugins/Interchange/Assets/Content/gltf/MaterialFunctions/MF_Fresnel_DS.uexp" 879
"../../../Engine/Plugins/Interchange/Assets/Content/gltf/MaterialFunctions/MF_Temporal_Blur.uasset" 880
"../../../Engine/Plugins/Interchange/Assets/Content/gltf/MaterialFunctions/MF_Temporal_Blur.uexp" 881
"../../../Engine/Plugins/Interchange/Assets/Content/gltf/MaterialFunctions/MF_Transmission.uasset" 882
"../../../Engine/Plugins/Interchange/Assets/Content/gltf/MaterialFunctions/MF_Transmission.uexp" 883
"../../../Engine/Plugins/Interchange/Assets/Content/gltf/MaterialBodies/MF_Transmission_Body.uasset" 884
"../../../Engine/Plugins/Interchange/Assets/Content/gltf/MaterialBodies/MF_Transmission_Body.uexp" 885
"../../../Engine/Plugins/Interchange/Assets/Content/gltf/M_Transmission.uasset" 886
"../../../Engine/Plugins/Interchange/Assets/Content/gltf/M_Transmission.uexp" 887
"../../../Engine/Plugins/Interchange/Assets/Content/gltf/MaterialInstances/MI_Transmission.uasset" 888
"../../../Engine/Plugins/Interchange/Assets/Content/gltf/MaterialInstances/MI_Transmission.uexp" 889
"../../../Engine/Plugins/Interchange/Assets/Content/gltf/MaterialInstances/MI_Transmission_DS.uasset" 890
"../../../Engine/Plugins/Interchange/Assets/Content/gltf/MaterialInstances/MI_Transmission_DS.uexp" 891
"../../../Engine/Plugins/Interchange/Assets/Content/gltf/MaterialBodies/MF_Unlit_Body.uasset" 892
"../../../Engine/Plugins/Interchange/Assets/Content/gltf/MaterialBodies/MF_Unlit_Body.uexp" 893
"../../../Engine/Plugins/Interchange/Assets/Content/gltf/M_Unlit.uasset" 894
"../../../Engine/Plugins/Interchange/Assets/Content/gltf/M_Unlit.uexp" 895
"../../../Engine/Plugins/Interchange/Assets/Content/gltf/MaterialInstances/MI_Unlit_Blend.uasset" 896
"../../../Engine/Plugins/Interchange/Assets/Content/gltf/MaterialInstances/MI_Unlit_Blend.uexp" 897
"../../../Engine/Plugins/Interchange/Assets/Content/gltf/MaterialInstances/MI_Unlit_Blend_DS.uasset" 898
"../../../Engine/Plugins/Interchange/Assets/Content/gltf/MaterialInstances/MI_Unlit_Blend_DS.uexp" 899
"../../../Engine/Plugins/Interchange/Assets/Content/gltf/MaterialInstances/MI_Unlit_Mask.uasset" 900
"../../../Engine/Plugins/Interchange/Assets/Content/gltf/MaterialInstances/MI_Unlit_Mask.uexp" 901
"../../../Engine/Plugins/Interchange/Assets/Content/gltf/MaterialInstances/MI_Unlit_Mask_DS.uasset" 902
"../../../Engine/Plugins/Interchange/Assets/Content/gltf/MaterialInstances/MI_Unlit_Mask_DS.uexp" 903
"../../../Engine/Plugins/Interchange/Assets/Content/gltf/MaterialInstances/MI_Unlit_Opaque.uasset" 904
"../../../Engine/Plugins/Interchange/Assets/Content/gltf/MaterialInstances/MI_Unlit_Opaque.uexp" 905
"../../../Engine/Plugins/Interchange/Assets/Content/gltf/MaterialInstances/MI_Unlit_Opaque_DS.uasset" 906
"../../../Engine/Plugins/Interchange/Assets/Content/gltf/MaterialInstances/MI_Unlit_Opaque_DS.uexp" 907
"../../../Engine/Content/EngineSky/VolumetricClouds/VT_PerlinWorley_Balanced.uasset" 908
"../../../Engine/Content/EngineSky/VolumetricClouds/VT_PerlinWorley_Balanced.uexp" 909
"../../../Engine/Content/EngineSky/VolumetricClouds/T_Profile_08.ubulk" 910
"../../../Engine/Content/EngineSky/VolumetricClouds/T_Profile_08.uasset" 911
"../../../Engine/Content/EngineSky/VolumetricClouds/T_Profile_08.uexp" 912
"../../../Engine/Content/EngineSky/VolumetricClouds/T_CloudPattern.ubulk" 913
"../../../Engine/Content/EngineSky/VolumetricClouds/T_CloudPattern.uasset" 914
"../../../Engine/Content/EngineSky/VolumetricClouds/T_CloudPattern.uexp" 915
"../../../Engine/Content/EngineSky/VolumetricClouds/T_CloudMask.ubulk" 916
"../../../Engine/Content/EngineSky/VolumetricClouds/T_CloudMask.uasset" 917
"../../../Engine/Content/EngineSky/VolumetricClouds/T_CloudMask.uexp" 918
"../../../Engine/Content/Functions/Engine_MaterialFunctions02/Utility/BreakOutFloat4Components.uasset" 919
"../../../Engine/Content/Functions/Engine_MaterialFunctions02/Utility/BreakOutFloat4Components.uexp" 920
"../../../Engine/Content/Functions/Engine_MaterialFunctions02/Utility/MakeFloat4.uasset" 921
"../../../Engine/Content/Functions/Engine_MaterialFunctions02/Utility/MakeFloat4.uexp" 922
"../../../Engine/Content/EngineResources/DefaultVolumeTexture2D.uasset" 923
"../../../Engine/Content/EngineResources/DefaultVolumeTexture2D.uexp" 924
"../../../Engine/Content/EngineResources/DefaultVolumeTexture.uasset" 925
"../../../Engine/Content/EngineResources/DefaultVolumeTexture.uexp" 926
"../../../Engine/Content/EngineSky/VolumetricClouds/VT_Lightning.uasset" 927
"../../../Engine/Content/EngineSky/VolumetricClouds/VT_Lightning.uexp" 928
"../../../Engine/Content/Functions/Engine_MaterialFunctions01/Units/Km-to-Cm.uasset" 929
"../../../Engine/Content/Functions/Engine_MaterialFunctions01/Units/Km-to-Cm.uexp" 930
"../../../Engine/Content/EngineSky/VolumetricClouds/m_SimpleVolumetricCloud.uasset" 931
"../../../Engine/Content/EngineSky/VolumetricClouds/m_SimpleVolumetricCloud.uexp" 932
"../../../Engine/Content/EngineSky/VolumetricClouds/m_SimpleVolumetricCloud_Inst.uasset" 933
"../../../Engine/Content/EngineSky/VolumetricClouds/m_SimpleVolumetricCloud_Inst.uexp" 934
"D:/RG/EOG/Content/LevelPrototyping/Materials/M_FlatCol.uasset" 935
"D:/RG/EOG/Content/LevelPrototyping/Materials/M_FlatCol.uexp" 936
"D:/RG/EOG/Content/LevelPrototyping/Materials/MI_DefaultColorway.uasset" 937
"D:/RG/EOG/Content/LevelPrototyping/Materials/MI_DefaultColorway.uexp" 938
"D:/RG/EOG/Content/FirstPerson/MI_FirstPersonColorway.uasset" 939
"D:/RG/EOG/Content/FirstPerson/MI_FirstPersonColorway.uexp" 940
"../../../Engine/Content/EngineMaterials/WeightMapPlaceholderTexture.uasset" 941
"../../../Engine/Content/EngineMaterials/WeightMapPlaceholderTexture.uexp" 942
"../../../Engine/Content/EngineMaterials/WeightMapArrayPlaceholderTexture.uasset" 943
"../../../Engine/Content/EngineMaterials/WeightMapArrayPlaceholderTexture.uexp" 944
"../../../Engine/Content/EngineResources/WhiteSquareTexture.uasset" 945
"../../../Engine/Content/EngineResources/WhiteSquareTexture.uexp" 946
"../../../Engine/Content/EngineMaterials/Widget3DPassThrough.uasset" 947
"../../../Engine/Content/EngineMaterials/Widget3DPassThrough.uexp" 948
"../../../Engine/Content/EngineMaterials/Widget3DPassThrough_Masked.uasset" 949
"../../../Engine/Content/EngineMaterials/Widget3DPassThrough_Masked.uexp" 950
"../../../Engine/Content/EngineMaterials/Widget3DPassThrough_Opaque.uasset" 951
"../../../Engine/Content/EngineMaterials/Widget3DPassThrough_Opaque.uexp" 952
"../../../Engine/Content/EngineMaterials/Widget3DPassThrough_Masked_OneSided.uasset" 953
"../../../Engine/Content/EngineMaterials/Widget3DPassThrough_Masked_OneSided.uexp" 954
"../../../Engine/Content/EngineMaterials/Widget3DPassThrough_Opaque_OneSided.uasset" 955
"../../../Engine/Content/EngineMaterials/Widget3DPassThrough_Opaque_OneSided.uexp" 956
"../../../Engine/Content/EngineMaterials/Widget3DPassThrough_Translucent.uasset" 957
"../../../Engine/Content/EngineMaterials/Widget3DPassThrough_Translucent.uexp" 958
"../../../Engine/Content/EngineMaterials/Widget3DPassThrough_Translucent_OneSided.uasset" 959
"../../../Engine/Content/EngineMaterials/Widget3DPassThrough_Translucent_OneSided.uexp" 960
"../../../Engine/Content/EditorLandscapeResources/ColorMaskBrushMaterial.uasset" 961
"../../../Engine/Content/EditorLandscapeResources/ColorMaskBrushMaterial.uexp" 962
"../../../Engine/Content/EditorLandscapeResources/ColorMaskBrushMaterial_MaskedRegion.uasset" 963
"../../../Engine/Content/EditorLandscapeResources/ColorMaskBrushMaterial_MaskedRegion.uexp" 964
"../../../Engine/Content/Functions/Engine_MaterialFunctions03/Math/WithinRangeFloat2.uasset" 965
"../../../Engine/Content/Functions/Engine_MaterialFunctions03/Math/WithinRangeFloat2.uexp" 966
"../../../Engine/Content/EditorLandscapeResources/MaskBrushMaterial.uasset" 967
"../../../Engine/Content/EditorLandscapeResources/MaskBrushMaterial.uexp" 968
"../../../Engine/Content/EditorLandscapeResources/MaskBrushMaterial_MaskedRegion.uasset" 969
"../../../Engine/Content/EditorLandscapeResources/MaskBrushMaterial_MaskedRegion.uexp" 970
"../../../Engine/Content/EditorLandscapeResources/SelectBrushMaterial.uasset" 971
"../../../Engine/Content/EditorLandscapeResources/SelectBrushMaterial.uexp" 972
"../../../Engine/Content/EditorLandscapeResources/SelectBrushMaterial_Selected.uasset" 973
"../../../Engine/Content/EditorLandscapeResources/SelectBrushMaterial_Selected.uexp" 974
"../../../Engine/Content/EditorLandscapeResources/SelectBrushMaterial_SelectedRegion.uasset" 975
"../../../Engine/Content/EditorLandscapeResources/SelectBrushMaterial_SelectedRegion.uexp" 976
"../../../Engine/Plugins/NNE/NNEDenoiser/Content/NNE_oidn2-3-0_rt_hdr_alb_nrm_small__dyn__fp16_opset11_DenoiseAlpha.uasset" 977
"../../../Engine/Plugins/NNE/NNEDenoiser/Content/NNE_oidn2-3-0_rt_hdr_alb_nrm_small__dyn__fp16_opset11_DenoiseAlpha.uexp" 978
"../../../Engine/Plugins/NNE/NNEDenoiser/Content/NNE_oidn2-3-0_rt_hdr_alb_nrm_small__dyn__fp16_opset11_ForwardAlpha.uasset" 979
"../../../Engine/Plugins/NNE/NNEDenoiser/Content/NNE_oidn2-3-0_rt_hdr_alb_nrm_small__dyn__fp16_opset11_ForwardAlpha.uexp" 980
"../../../Engine/Plugins/NNE/NNEDenoiser/Content/NNE_oidn2-3-0_rt_hdr_alb_nrm__dyn__fp16_opset11_DenoiseAlpha.uasset" 981
"../../../Engine/Plugins/NNE/NNEDenoiser/Content/NNE_oidn2-3-0_rt_hdr_alb_nrm__dyn__fp16_opset11_DenoiseAlpha.uexp" 982
"../../../Engine/Plugins/NNE/NNEDenoiser/Content/NNE_oidn2-3-0_rt_hdr_alb_nrm__dyn__fp16_opset11_ForwardAlpha.uasset" 983
"../../../Engine/Plugins/NNE/NNEDenoiser/Content/NNE_oidn2-3-0_rt_hdr_alb_nrm__dyn__fp16_opset11_ForwardAlpha.uexp" 984
"../../../Engine/Plugins/NNE/NNEDenoiser/Content/NNE_oidn2-3-0_rt_hdr_calb_cnrm_large__dyn__fp16_opset11_DenoiseAlpha.uasset" 985
"../../../Engine/Plugins/NNE/NNEDenoiser/Content/NNE_oidn2-3-0_rt_hdr_calb_cnrm_large__dyn__fp16_opset11_DenoiseAlpha.uexp" 986
"../../../Engine/Plugins/NNE/NNEDenoiser/Content/NNE_oidn2-3-0_rt_hdr_calb_cnrm_large__dyn__fp16_opset11_ForwardAlpha.uasset" 987
"../../../Engine/Plugins/NNE/NNEDenoiser/Content/NNE_oidn2-3-0_rt_hdr_calb_cnrm_large__dyn__fp16_opset11_ForwardAlpha.uexp" 988
"../../../Engine/Plugins/2D/Paper2D/Content/DefaultSpriteMaterial.uasset" 989
"../../../Engine/Plugins/2D/Paper2D/Content/DefaultSpriteMaterial.uexp" 990
"../../../Engine/Plugins/2D/Paper2D/Content/MaskedUnlitSpriteMaterial.uasset" 991
"../../../Engine/Plugins/2D/Paper2D/Content/MaskedUnlitSpriteMaterial.uexp" 992
"../../../Engine/Plugins/2D/Paper2D/Content/OpaqueUnlitSpriteMaterial.uasset" 993
"../../../Engine/Plugins/2D/Paper2D/Content/OpaqueUnlitSpriteMaterial.uexp" 994
"../../../Engine/Content/EngineResources/LandscapeVisibilityLayerInfo.uasset" 995
"../../../Engine/Content/EngineResources/LandscapeVisibilityLayerInfo.uexp" 996
"../../../Engine/Content/VREditor/Sounds/UI/Drop_Item_From_ContentBrowser.ubulk" 997
"../../../Engine/Content/VREditor/Sounds/UI/Drop_Item_From_ContentBrowser.uasset" 998
"../../../Engine/Content/VREditor/Sounds/UI/Drop_Item_From_ContentBrowser.uexp" 999
"../../../Engine/Content/VREditor/TransformGizmo/TransformGizmoMaterial_Inst.uasset" 1000
"../../../Engine/Content/VREditor/TransformGizmo/TransformGizmoMaterial_Inst.uexp" 1001
"../../../Engine/Content/VREditor/TransformGizmo/TranslucentTransformGizmoMaterial_Inst.uasset" 1002
"../../../Engine/Content/VREditor/TransformGizmo/TranslucentTransformGizmoMaterial_Inst.uexp" 1003
"../../../Engine/Content/Functions/Engine_MaterialFunctions02/SplitComponents.uasset" 1004
"../../../Engine/Content/Functions/Engine_MaterialFunctions02/SplitComponents.uexp" 1005
"../../../Engine/Content/VREditor/SnapGrid/SnapGridMaterial.uasset" 1006
"../../../Engine/Content/VREditor/SnapGrid/SnapGridMaterial.uexp" 1007
"../../../Engine/Content/VREditor/SnapGrid/SnapGridPlaneMesh.ubulk" 1008
"../../../Engine/Content/VREditor/SnapGrid/SnapGridPlaneMesh.uasset" 1009
"../../../Engine/Content/VREditor/SnapGrid/SnapGridPlaneMesh.uexp" 1010
"../../../Engine/Content/VREditor/Sounds/UI/Gizmo_Handle_Clicked.ubulk" 1011
"../../../Engine/Content/VREditor/Sounds/UI/Gizmo_Handle_Clicked.uasset" 1012
"../../../Engine/Content/VREditor/Sounds/UI/Gizmo_Handle_Clicked.uexp" 1013
"../../../Engine/Content/VREditor/Sounds/UI/Object_PickUp.ubulk" 1014
"../../../Engine/Content/VREditor/Sounds/UI/Object_PickUp.uasset" 1015
"../../../Engine/Content/VREditor/Sounds/UI/Object_PickUp.uexp" 1016
"../../../Engine/Content/VREditor/Sounds/UI/Object_Snaps_To_Another_Actor.ubulk" 1017
"../../../Engine/Content/VREditor/Sounds/UI/Object_Snaps_To_Another_Actor.uasset" 1018
"../../../Engine/Content/VREditor/Sounds/UI/Object_Snaps_To_Another_Actor.uexp" 1019
"../../../Engine/Content/VREditor/Sounds/UI/Object_Snaps_To_Grid.ubulk" 1020
"../../../Engine/Content/VREditor/Sounds/UI/Object_Snaps_To_Grid.uasset" 1021
"../../../Engine/Content/VREditor/Sounds/UI/Object_Snaps_To_Grid.uexp" 1022
"../../../Engine/Content/VREditor/Sounds/UI/Scaling_Down.ubulk" 1023
"../../../Engine/Content/VREditor/Sounds/UI/Scaling_Down.uasset" 1024
"../../../Engine/Content/VREditor/Sounds/UI/Scaling_Down.uexp" 1025
"../../../Engine/Content/VREditor/Sounds/UI/Scaling_Up.ubulk" 1026
"../../../Engine/Content/VREditor/Sounds/UI/Scaling_Up.uasset" 1027
"../../../Engine/Content/VREditor/Sounds/UI/Scaling_Up.uexp" 1028
"../../../Engine/Content/VREditor/Sounds/UI/Selection_Changes.ubulk" 1029
"../../../Engine/Content/VREditor/Sounds/UI/Selection_Changes.uasset" 1030
"../../../Engine/Content/VREditor/Sounds/UI/Selection_Changes.uexp" 1031
"../../../Engine/Content/VREditor/TransformGizmo/PlaneTranslationHandle.ubulk" 1032
"../../../Engine/Content/VREditor/TransformGizmo/PlaneTranslationHandle.uasset" 1033
"../../../Engine/Content/VREditor/TransformGizmo/PlaneTranslationHandle.uexp" 1034
"../../../Engine/Content/VREditor/TransformGizmo/RotationHandleFull.ubulk" 1035
"../../../Engine/Content/VREditor/TransformGizmo/RotationHandleFull.uasset" 1036
"../../../Engine/Content/VREditor/TransformGizmo/RotationHandleFull.uexp" 1037
"../../../Engine/Content/VREditor/TransformGizmo/RotationHandleIndicator.ubulk" 1038
"../../../Engine/Content/VREditor/TransformGizmo/RotationHandleIndicator.uasset" 1039
"../../../Engine/Content/VREditor/TransformGizmo/RotationHandleIndicator.uexp" 1040
"../../../Engine/Content/VREditor/TransformGizmo/RotationHandleQuarter.ubulk" 1041
"../../../Engine/Content/VREditor/TransformGizmo/RotationHandleQuarter.uasset" 1042
"../../../Engine/Content/VREditor/TransformGizmo/RotationHandleQuarter.uexp" 1043
"../../../Engine/Content/VREditor/TransformGizmo/StartRotationHandleIndicator.ubulk" 1044
"../../../Engine/Content/VREditor/TransformGizmo/StartRotationHandleIndicator.uasset" 1045
"../../../Engine/Content/VREditor/TransformGizmo/StartRotationHandleIndicator.uexp" 1046
"../../../Engine/Content/VREditor/TransformGizmo/TransformGizmoFreeRotation.ubulk" 1047
"../../../Engine/Content/VREditor/TransformGizmo/TransformGizmoFreeRotation.uasset" 1048
"../../../Engine/Content/VREditor/TransformGizmo/TransformGizmoFreeRotation.uexp" 1049
"../../../Engine/Content/VREditor/TransformGizmo/TranslateArrowHandle.ubulk" 1050
"../../../Engine/Content/VREditor/TransformGizmo/TranslateArrowHandle.uasset" 1051
"../../../Engine/Content/VREditor/TransformGizmo/TranslateArrowHandle.uexp" 1052
"../../../Engine/Content/VREditor/TransformGizmo/UniformScaleHandle.ubulk" 1053
"../../../Engine/Content/VREditor/TransformGizmo/UniformScaleHandle.uasset" 1054
"../../../Engine/Content/VREditor/TransformGizmo/UniformScaleHandle.uexp" 1055
"../../../Engine/Plugins/Animation/DeformerGraph/Content/DeformerFunctions/DG_Function_LinearBlendSkin_Morph_Cloth.uasset" 1056
"../../../Engine/Plugins/Animation/DeformerGraph/Content/DeformerFunctions/DG_Function_LinearBlendSkin_Morph_Cloth.uexp" 1057
"../../../Engine/Plugins/Animation/DeformerGraph/Content/Deformers/DG_LinearBlendSkin_Morph_Cloth.uasset" 1058
"../../../Engine/Plugins/Animation/DeformerGraph/Content/Deformers/DG_LinearBlendSkin_Morph_Cloth.uexp" 1059
"../../../Engine/Plugins/Animation/DeformerGraph/Content/DeformerFunctions/DG_Function_LinearBlendSkin_Morph_Cloth_PositionOnly.uasset" 1060
"../../../Engine/Plugins/Animation/DeformerGraph/Content/DeformerFunctions/DG_Function_LinearBlendSkin_Morph_Cloth_PositionOnly.uexp" 1061
"../../../Engine/Plugins/Animation/DeformerGraph/Content/DeformerFunctions/DG_Function_ComputeNormalsTangents.uasset" 1062
"../../../Engine/Plugins/Animation/DeformerGraph/Content/DeformerFunctions/DG_Function_ComputeNormalsTangents.uexp" 1063
"../../../Engine/Plugins/Animation/DeformerGraph/Content/Deformers/DG_LinearBlendSkin_Morph_Cloth_RecomputeNormals.uasset" 1064
"../../../Engine/Plugins/Animation/DeformerGraph/Content/Deformers/DG_LinearBlendSkin_Morph_Cloth_RecomputeNormals.uexp" 1065
"../../../Engine/Plugins/NNE/NNEDenoiser/Content/NNEDT_Oidn2-3_Balanced.uasset" 1066
"../../../Engine/Plugins/NNE/NNEDenoiser/Content/NNEDT_Oidn2-3_Balanced.uexp" 1067
"../../../Engine/Plugins/NNE/NNEDenoiser/Content/NNEDT_Oidn2-3_Balanced_Alpha.uasset" 1068
"../../../Engine/Plugins/NNE/NNEDenoiser/Content/NNEDT_Oidn2-3_Balanced_Alpha.uexp" 1069
"../../../Engine/Plugins/NNE/NNEDenoiser/Content/NNED_Oidn2-3_Balanced.uasset" 1070
"../../../Engine/Plugins/NNE/NNEDenoiser/Content/NNED_Oidn2-3_Balanced.uexp" 1071
"../../../Engine/Plugins/NNE/NNEDenoiser/Content/NNED_Oidn2-3_Balanced_Alpha.uasset" 1072
"../../../Engine/Plugins/NNE/NNEDenoiser/Content/NNED_Oidn2-3_Balanced_Alpha.uexp" 1073
"../../../Engine/Plugins/NNE/NNEDenoiser/Content/NNED_Oidn2-3_Fast.uasset" 1074
"../../../Engine/Plugins/NNE/NNEDenoiser/Content/NNED_Oidn2-3_Fast.uexp" 1075
"../../../Engine/Plugins/NNE/NNEDenoiser/Content/NNED_Oidn2-3_Fast_Alpha.uasset" 1076
"../../../Engine/Plugins/NNE/NNEDenoiser/Content/NNED_Oidn2-3_Fast_Alpha.uexp" 1077
"../../../Engine/Plugins/NNE/NNEDenoiser/Content/NNED_Oidn2-3_HighQuality.uasset" 1078
"../../../Engine/Plugins/NNE/NNEDenoiser/Content/NNED_Oidn2-3_HighQuality.uexp" 1079
"../../../Engine/Plugins/NNE/NNEDenoiser/Content/NNED_Oidn2-3_HighQuality_Alpha.uasset" 1080
"../../../Engine/Plugins/NNE/NNEDenoiser/Content/NNED_Oidn2-3_HighQuality_Alpha.uexp" 1081
"../../../Engine/Content/Maps/Entry_BuiltData.uasset" 1082
"../../../Engine/Content/Maps/Entry_BuiltData.uexp" 1083
"../../../Engine/Content/Maps/Entry.uexp" 1084
"../../../Engine/Content/Maps/Entry.umap" 1085
"D:/RG/EOG/Content/Input/Actions/IA_MouseLook.uasset" 1086
"D:/RG/EOG/Content/Input/Actions/IA_MouseLook.uexp" 1087
"D:/RG/EOG/Content/Input/IMC_MouseLook.uasset" 1088
"D:/RG/EOG/Content/Input/IMC_MouseLook.uexp" 1089
"D:/RG/EOG/Content/Input/Actions/IA_Move.uasset" 1090
"D:/RG/EOG/Content/Input/Actions/IA_Move.uexp" 1091
"D:/RG/EOG/Content/Input/Actions/IA_Look.uasset" 1092
"D:/RG/EOG/Content/Input/Actions/IA_Look.uexp" 1093
"D:/RG/EOG/Content/Input/Touch/BPI_TouchInterface.uasset" 1094
"D:/RG/EOG/Content/Input/Touch/BPI_TouchInterface.uexp" 1095
"D:/RG/EOG/Content/Characters/Mannequins/Meshes/SK_Mannequin.uasset" 1096
"D:/RG/EOG/Content/Characters/Mannequins/Meshes/SK_Mannequin.uexp" 1097
"../../../Engine/Plugins/Animation/ControlRig/Content/Controls/DefaultGizmoLibraryNormalized.uasset" 1098
"../../../Engine/Plugins/Animation/ControlRig/Content/Controls/DefaultGizmoLibraryNormalized.uexp" 1099
"D:/RG/EOG/Content/FirstPerson/Anims/CtrlRig_FPWarp.uasset" 1100
"D:/RG/EOG/Content/FirstPerson/Anims/CtrlRig_FPWarp.uexp" 1101
"D:/RG/EOG/Content/FirstPerson/Anims/ABP_FP_Copy.uasset" 1102
"D:/RG/EOG/Content/FirstPerson/Anims/ABP_FP_Copy.uexp" 1103
"../../../Engine/Content/Animation/DefaultVariableFrameStrippingSettings.uasset" 1104
"../../../Engine/Content/Animation/DefaultVariableFrameStrippingSettings.uexp" 1105
"../../../Engine/Content/Animation/DefaultAnimCurveCompressionSettings.uasset" 1106
"../../../Engine/Content/Animation/DefaultAnimCurveCompressionSettings.uexp" 1107
"../../../Engine/Content/Animation/DefaultAnimBoneCompressionSettings.uasset" 1108
"../../../Engine/Content/Animation/DefaultAnimBoneCompressionSettings.uexp" 1109
"D:/RG/EOG/Content/Characters/Mannequins/Anims/Unarmed/Jog/MF_Unarmed_Jog_Fwd.uasset" 1110
"D:/RG/EOG/Content/Characters/Mannequins/Anims/Unarmed/Jog/MF_Unarmed_Jog_Fwd.uexp" 1111
"D:/RG/EOG/Content/Characters/Mannequins/Anims/Unarmed/MM_Idle.uasset" 1112
"D:/RG/EOG/Content/Characters/Mannequins/Anims/Unarmed/MM_Idle.uexp" 1113
"D:/RG/EOG/Content/Characters/Mannequins/Anims/Unarmed/Jog/MF_Unarmed_Jog_Bwd.uasset" 1114
"D:/RG/EOG/Content/Characters/Mannequins/Anims/Unarmed/Jog/MF_Unarmed_Jog_Bwd.uexp" 1115
"D:/RG/EOG/Content/Characters/Mannequins/Anims/Unarmed/Jog/MF_Unarmed_Jog_Left.uasset" 1116
"D:/RG/EOG/Content/Characters/Mannequins/Anims/Unarmed/Jog/MF_Unarmed_Jog_Left.uexp" 1117
"D:/RG/EOG/Content/Characters/Mannequins/Anims/Unarmed/Jog/MF_Unarmed_Jog_Right.uasset" 1118
"D:/RG/EOG/Content/Characters/Mannequins/Anims/Unarmed/Jog/MF_Unarmed_Jog_Right.uexp" 1119
"D:/RG/EOG/Content/Characters/Mannequins/Anims/Unarmed/Walk/MF_Unarmed_Walk_Bwd.uasset" 1120
"D:/RG/EOG/Content/Characters/Mannequins/Anims/Unarmed/Walk/MF_Unarmed_Walk_Bwd.uexp" 1121
"D:/RG/EOG/Content/Characters/Mannequins/Anims/Unarmed/Walk/MF_Unarmed_Walk_Fwd.uasset" 1122
"D:/RG/EOG/Content/Characters/Mannequins/Anims/Unarmed/Walk/MF_Unarmed_Walk_Fwd.uexp" 1123
"D:/RG/EOG/Content/Characters/Mannequins/Anims/Unarmed/Walk/MF_Unarmed_Walk_Left.uasset" 1124
"D:/RG/EOG/Content/Characters/Mannequins/Anims/Unarmed/Walk/MF_Unarmed_Walk_Left.uexp" 1125
"../../../Engine/Plugins/Animation/ACLPlugin/Content/ACLAnimCurveCompressionSettings.uasset" 1126
"../../../Engine/Plugins/Animation/ACLPlugin/Content/ACLAnimCurveCompressionSettings.uexp" 1127
"D:/RG/EOG/Content/Characters/Mannequins/Anims/Unarmed/Walk/MF_Unarmed_Walk_Right.uasset" 1128
"D:/RG/EOG/Content/Characters/Mannequins/Anims/Unarmed/Walk/MF_Unarmed_Walk_Right.uexp" 1129
"D:/RG/EOG/Content/Characters/Mannequins/Anims/Unarmed/BS_Idle_Walk_Run.uasset" 1130
"D:/RG/EOG/Content/Characters/Mannequins/Anims/Unarmed/BS_Idle_Walk_Run.uexp" 1131
"D:/RG/EOG/Content/Characters/Mannequins/Anims/Unarmed/Jump/MM_Fall_Loop.uasset" 1132
"D:/RG/EOG/Content/Characters/Mannequins/Anims/Unarmed/Jump/MM_Fall_Loop.uexp" 1133
"D:/RG/EOG/Content/Characters/Mannequins/Anims/Unarmed/Jump/MM_Jump.uasset" 1134
"D:/RG/EOG/Content/Characters/Mannequins/Anims/Unarmed/Jump/MM_Jump.uexp" 1135
"D:/RG/EOG/Content/Characters/Mannequins/Anims/Unarmed/Jump/MM_Land.uasset" 1136
"D:/RG/EOG/Content/Characters/Mannequins/Anims/Unarmed/Jump/MM_Land.uexp" 1137
"D:/RG/EOG/Content/Characters/Mannequins/Rigs/CR_Mannequin_FootIK.uasset" 1138
"D:/RG/EOG/Content/Characters/Mannequins/Rigs/CR_Mannequin_FootIK.uexp" 1139
"D:/RG/EOG/Content/Characters/Mannequins/Anims/Unarmed/ABP_Unarmed.uasset" 1140
"D:/RG/EOG/Content/Characters/Mannequins/Anims/Unarmed/ABP_Unarmed.uexp" 1141
"../../../Engine/Content/MobileResources/HUD/VirtualJoystick_Thumb.uasset" 1142
"../../../Engine/Content/MobileResources/HUD/VirtualJoystick_Thumb.uexp" 1143
"../../../Engine/Content/MobileResources/HUD/VirtualJoystick_Background.uasset" 1144
"../../../Engine/Content/MobileResources/HUD/VirtualJoystick_Background.uexp" 1145
"D:/RG/EOG/Content/Input/Touch/UI_Thumbstick.uasset" 1146
"D:/RG/EOG/Content/Input/Touch/UI_Thumbstick.uexp" 1147
"D:/RG/EOG/Content/Input/Touch/UI_TouchSimple.uasset" 1148
"D:/RG/EOG/Content/Input/Touch/UI_TouchSimple.uexp" 1149
"D:/RG/EOG/Content/FirstPerson/Blueprints/BP_FirstPersonCharacter.uasset" 1150
"D:/RG/EOG/Content/FirstPerson/Blueprints/BP_FirstPersonCharacter.uexp" 1151
"D:/RG/EOG/Content/Input/Actions/IA_Interact.uasset" 1152
"D:/RG/EOG/Content/Input/Actions/IA_Interact.uexp" 1153
"D:/RG/EOG/Content/Input/IMC_Default.uasset" 1154
"D:/RG/EOG/Content/Input/IMC_Default.uexp" 1155
"D:/RG/EOG/Content/FirstPerson/Blueprints/BP_FirstPersonPlayerController.uasset" 1156
"D:/RG/EOG/Content/FirstPerson/Blueprints/BP_FirstPersonPlayerController.uexp" 1157
"D:/RG/EOG/Content/FirstPerson/Blueprints/BP_FirstPersonGameMode.uasset" 1158
"D:/RG/EOG/Content/FirstPerson/Blueprints/BP_FirstPersonGameMode.uexp" 1159
"D:/RG/EOG/Content/FirstPerson/Lvl_FirstPerson.uexp" 1160
"D:/RG/EOG/Content/FirstPerson/Lvl_FirstPerson.umap" 1161
